<?xml version="1.0" encoding="UTF-8"?>
<!-- Generated by org.testng.reporters.JUnitXMLReporter -->
<testsuite ignored="3" hostname="TEO-Haider1" failures="0" tests="5" name="Surefire test" time="194.118" errors="0" timestamp="2020-11-25T21:40:50 PKT">
  <testcase classname="Tests.HomeMapScreenTests" name="VerifyDenySystemLocationAccessTest" time="7.549"/>
  <testcase classname="Tests.HomeMapScreenTests" name="VerifyFullScreenCloseTest" time="8.186"/>
  <testcase classname="Tests.LoginTests" name="LoginWithNormalUser" time="14.02"/>
  <testcase classname="Tests.WelcomeScreenTests" name="VerifyGetStartedBtnTest" time="2.027"/>
  <testcase classname="Tests.WelcomeScreenTests" name="VerifyLoginAsAnonymousUserBtnTest" time="1.862"/>
  <testcase classname="Tests.BaseTests" name="@BeforeTest killAllNodes" time="0.0">
    <ignored/>
  </testcase> <!-- @BeforeTest killAllNodes -->
  <testcase classname="Tests.BaseTests" name="@BeforeTest killAllNodes" time="0.0">
    <ignored/>
  </testcase> <!-- @BeforeTest killAllNodes -->
  <testcase classname="Tests.BaseTests" name="@BeforeTest killAllNodes" time="0.0">
    <ignored/>
  </testcase> <!-- @BeforeTest killAllNodes -->
</testsuite> <!-- Surefire test -->
