<?xml version="1.0" encoding="UTF-8"?>
<testsuite xmlns:xsi="http://www.w3.org/2001/XMLSchema-instance" xsi:noNamespaceSchemaLocation="https://maven.apache.org/surefire/maven-surefire-plugin/xsd/surefire-test-report-3.0.xsd" version="3.0" name="TestSuite" time="105.071" tests="13" errors="0" skipped="8" failures="3">
  <properties>
[...]
</properties>
  <testcase name="setUp" classname="Tests.HomeMapScreenTests" time="14.244">
    <failure message="Connection refused: no further information&#10;Build info: version: &apos;3.141.59&apos;, revision: &apos;e82be7d358&apos;, time: &apos;2018-11-14T08:17:03&apos;&#10;System info: host: &apos;TEO-HAIDER1&apos;, ip: &apos;10.0.75.1&apos;, os.name: &apos;Windows 10&apos;, os.arch: &apos;amd64&apos;, os.version: &apos;10.0&apos;, java.version: &apos;13.0.1&apos;&#10;Driver info: driver.version: EnhancedAndroidDriver" type="org.openqa.selenium.WebDriverException"><![CDATA[org.openqa.selenium.WebDriverException: 
Connection refused: no further information
Build info: version: '3.141.59', revision: 'e82be7d358', time: '2018-11-14T08:17:03'
System info: host: 'TEO-HAIDER1', ip: '10.0.75.1', os.name: 'Windows 10', os.arch: 'amd64', os.version: '10.0', java.version: '13.0.1'
Driver info: driver.version: EnhancedAndroidDriver
Caused by: java.net.ConnectException: Connection refused: no further information
]]></failure>
  </testcase>
  <testcase name="setUp" classname="Tests.HomeMapScreenTests" time="0">
    <skipped/>
  </testcase>
  <testcase name="VerifyDenySystemLocationAccessTest" classname="Tests.HomeMapScreenTests" time="0">
    <skipped message="Connection refused: no further information&#10;Build info: version: &apos;3.141.59&apos;, revision: &apos;e82be7d358&apos;, time: &apos;2018-11-14T08:17:03&apos;&#10;System info: host: &apos;TEO-HAIDER1&apos;, ip: &apos;10.0.75.1&apos;, os.name: &apos;Windows 10&apos;, os.arch: &apos;amd64&apos;, os.version: &apos;10.0&apos;, java.version: &apos;13.0.1&apos;&#10;Driver info: driver.version: EnhancedAndroidDriver"/>
  </testcase>
  <testcase name="recordFailure" classname="Tests.HomeMapScreenTests" time="0">
    <skipped/>
  </testcase>
  <testcase name="recordFailure" classname="Tests.HomeMapScreenTests" time="0">
    <skipped/>
  </testcase>
  <testcase name="VerifyFullScreenCloseTest" classname="Tests.HomeMapScreenTests" time="0">
    <skipped message="Connection refused: no further information&#10;Build info: version: &apos;3.141.59&apos;, revision: &apos;e82be7d358&apos;, time: &apos;2018-11-14T08:17:03&apos;&#10;System info: host: &apos;TEO-HAIDER1&apos;, ip: &apos;10.0.75.1&apos;, os.name: &apos;Windows 10&apos;, os.arch: &apos;amd64&apos;, os.version: &apos;10.0&apos;, java.version: &apos;13.0.1&apos;&#10;Driver info: driver.version: EnhancedAndroidDriver"/>
  </testcase>
  <testcase name="LoginWithNormalUser[63636363](1)" classname="Tests.LoginTests" time="16.152">
    <system-out><![CDATA[&amp#27;[35m[Appium]&amp#27;[39m Welcome to Appium v1.18.3
&amp#27;[35m[Appium]&amp#27;[39m Appium REST http interface listener started on 0.0.0.0:4723
&amp#27;[35m[HTTP]&amp#27;[39m &amp#27;[37m-->&amp#27;[39m &amp#27;[37mGET&amp#27;[39m &amp#27;[37m/wd/hub/status&amp#27;[39m
&amp#27;[35m[HTTP]&amp#27;[39m &amp#27;[90m{}&amp#27;[39m
[debug] &amp#27;[35m[GENERIC]&amp#27;[39m Calling AppiumDriver.getStatus() with args: []
[debug] &amp#27;[35m[GENERIC]&amp#27;[39m Responding to client with driver.getStatus() result: {"build":{"version":"1.18.3"}}
&amp#27;[35m[HTTP]&amp#27;[39m &amp#27;[37m<-- GET /wd/hub/status &amp#27;[39m&amp#27;[32m200&amp#27;[39m &amp#27;[90m15 ms - 68&amp#27;[39m
&amp#27;[35m[HTTP]&amp#27;[39m &amp#27;[90m&amp#27;[39m
&amp#27;[35m[HTTP]&amp#27;[39m &amp#27;[37m-->&amp#27;[39m &amp#27;[37mPOST&amp#27;[39m &amp#27;[37m/wd/hub/session&amp#27;[39m
&amp#27;[35m[HTTP]&amp#27;[39m &amp#27;[90m{"desiredCapabilities":{"app":"C:\\Users\\haider.ali\\Desktop\\appiumMavenProject\\src\\dantaxi.apk","automationName":"UiAutomator2","platformName":"Android","deviceName":"emulator"},"capabilities":{"firstMatch":[{"appium:app":"C:\\Users\\haider.ali\\Desktop\\appiumMavenProject\\src\\dantaxi.apk","appium:automationName":"UiAutomator2","appium:deviceName":"emulator","platformName":"android"}]}}&amp#27;[39m
[debug] &amp#27;[35m[W3C]&amp#27;[39m Calling AppiumDriver.createSession() with args: [{"app":"C:\\Users\\haider.ali\\Desktop\\appiumMavenProject\\src\\dantaxi.apk","automationName":"UiAutomator2","platformName":"Android","deviceName":"emulator"},null,{"firstMatch":[{"appium:app":"C:\\Users\\haider.ali\\Desktop\\appiumMavenProject\\src\\dantaxi.apk","appium:automationName":"UiAutomator2","appium:deviceName":"emulator","platformName":"android"}]}]
[debug] &amp#27;[35m[BaseDriver]&amp#27;[39m Event 'newSessionRequested' logged at 1606833188206 (19:33:08 GMT+0500 (Pakistan Standard Time))
&amp#27;[35m[Appium]&amp#27;[39m Appium v1.18.3 creating new AndroidUiautomator2Driver (v1.56.1) session
[debug] &amp#27;[35m[BaseDriver]&amp#27;[39m W3C capabilities and MJSONWP desired capabilities were provided
[debug] &amp#27;[35m[BaseDriver]&amp#27;[39m Creating session with W3C capabilities: {
[debug] &amp#27;[35m[BaseDriver]&amp#27;[39m   "alwaysMatch": {
[debug] &amp#27;[35m[BaseDriver]&amp#27;[39m     "platformName": "android",
[debug] &amp#27;[35m[BaseDriver]&amp#27;[39m     "appium:app": "C:\\Users\\haider.ali\\Desktop\\appiumMavenProject\\src\\dantaxi.apk",
[debug] &amp#27;[35m[BaseDriver]&amp#27;[39m     "appium:automationName": "UiAutomator2",
[debug] &amp#27;[35m[BaseDriver]&amp#27;[39m     "appium:deviceName": "emulator"
[debug] &amp#27;[35m[BaseDriver]&amp#27;[39m   },
[debug] &amp#27;[35m[BaseDriver]&amp#27;[39m   "firstMatch": [
[debug] &amp#27;[35m[BaseDriver]&amp#27;[39m     {}
[debug] &amp#27;[35m[BaseDriver]&amp#27;[39m   ]
[debug] &amp#27;[35m[BaseDriver]&amp#27;[39m }
&amp#27;[35m[BaseDriver]&amp#27;[39m Session created with session id: 91f85ed0-852d-4770-8078-85fe085baedd
&amp#27;[35m[BaseDriver]&amp#27;[39m Using local app 'C:\Users\haider.ali\Desktop\appiumMavenProject\src\dantaxi.apk'
[debug] &amp#27;[35m[UiAutomator2]&amp#27;[39m Checking whether app is actually present
&amp#27;[35m[ADB]&amp#27;[39m Found 1 'build-tools' folders under 'C:\Users\haider.ali\AppData\Local\Android\Sdk' (newest first):
&amp#27;[35m[ADB]&amp#27;[39m     C:/Users/haider.ali/AppData/Local/Android/Sdk/build-tools/29.0.2
&amp#27;[35m[ADB]&amp#27;[39m Using 'adb.exe' from 'C:\Users\haider.ali\AppData\Local\Android\Sdk\platform-tools\adb.exe'
[debug] &amp#27;[35m[ADB]&amp#27;[39m Running 'C:\Users\haider.ali\AppData\Local\Android\Sdk\platform-tools\adb.exe -P 5037 start-server'
&amp#27;[35m[AndroidDriver]&amp#27;[39m Retrieving device list
[debug] &amp#27;[35m[ADB]&amp#27;[39m Trying to find a connected android device
[debug] &amp#27;[35m[ADB]&amp#27;[39m Getting connected devices
[debug] &amp#27;[35m[ADB]&amp#27;[39m Connected devices: [{"udid":"emulator-5554","state":"device"}]
&amp#27;[35m[AndroidDriver]&amp#27;[39m Using device: emulator-5554
&amp#27;[35m[ADB]&amp#27;[39m Using 'adb.exe' from 'C:\Users\haider.ali\AppData\Local\Android\Sdk\platform-tools\adb.exe'
[debug] &amp#27;[35m[ADB]&amp#27;[39m Running 'C:\Users\haider.ali\AppData\Local\Android\Sdk\platform-tools\adb.exe -P 5037 start-server'
[debug] &amp#27;[35m[ADB]&amp#27;[39m Setting device id to emulator-5554
[debug] &amp#27;[35m[ADB]&amp#27;[39m Running 'C:\Users\haider.ali\AppData\Local\Android\Sdk\platform-tools\adb.exe -P 5037 -s emulator-5554 shell getprop ro.build.version.sdk'
[debug] &amp#27;[35m[ADB]&amp#27;[39m Current device property 'ro.build.version.sdk': 29
&amp#27;[35m[ADB]&amp#27;[39m Getting device platform version
[debug] &amp#27;[35m[ADB]&amp#27;[39m Running 'C:\Users\haider.ali\AppData\Local\Android\Sdk\platform-tools\adb.exe -P 5037 -s emulator-5554 shell getprop ro.build.version.release'
[debug] &amp#27;[35m[ADB]&amp#27;[39m Current device property 'ro.build.version.release': 10
[debug] &amp#27;[35m[ADB]&amp#27;[39m Device API level: 29
&amp#27;[35m[UiAutomator2]&amp#27;[39m Relaxing hidden api policy
[debug] &amp#27;[35m[ADB]&amp#27;[39m Running 'C:\Users\haider.ali\AppData\Local\Android\Sdk\platform-tools\adb.exe -P 5037 -s emulator-5554 shell 'settings put global hidden_api_policy_pre_p_apps 1;settings put global hidden_api_policy_p_apps 1;settings put global hidden_api_policy 1''
[debug] &amp#27;[35m[AndroidDriver]&amp#27;[39m Parsing package and activity from app manifest
&amp#27;[35m[ADB]&amp#27;[39m Package name: 'dk.dantaxi.app'
&amp#27;[35m[ADB]&amp#27;[39m Main activity name: 'dk.dantaxi.app.ui.launch.LaunchActivity'
[debug] &amp#27;[35m[AndroidDriver]&amp#27;[39m Parsed package and activity are: dk.dantaxi.app/dk.dantaxi.app.ui.launch.LaunchActivity
[debug] &amp#27;[35m[ADB]&amp#27;[39m Running 'C:\Users\haider.ali\AppData\Local\Android\Sdk\platform-tools\adb.exe -P 5037 -s emulator-5554 wait-for-device'
[debug] &amp#27;[35m[ADB]&amp#27;[39m Running 'C:\Users\haider.ali\AppData\Local\Android\Sdk\platform-tools\adb.exe -P 5037 -s emulator-5554 shell echo ping'
[debug] &amp#27;[35m[AndroidDriver]&amp#27;[39m Pushing settings apk to device...
[debug] &amp#27;[35m[ADB]&amp#27;[39m Getting install status for io.appium.settings
[debug] &amp#27;[35m[ADB]&amp#27;[39m Running 'C:\Users\haider.ali\AppData\Local\Android\Sdk\platform-tools\adb.exe -P 5037 -s emulator-5554 shell dumpsys package io.appium.settings'
[debug] &amp#27;[35m[ADB]&amp#27;[39m 'io.appium.settings' is installed
[debug] &amp#27;[35m[ADB]&amp#27;[39m Getting package info for 'io.appium.settings'
[debug] &amp#27;[35m[ADB]&amp#27;[39m Running 'C:\Users\haider.ali\AppData\Local\Android\Sdk\platform-tools\adb.exe -P 5037 -s emulator-5554 shell dumpsys package io.appium.settings'
[debug] &amp#27;[35m[ADB]&amp#27;[39m The version name of the installed 'io.appium.settings' is greater or equal to the application version name ('3.2.0' >= '3.2.0')
[debug] &amp#27;[35m[ADB]&amp#27;[39m There is no need to install/upgrade 'C:\Users\haider.ali\AppData\Roaming\npm\node_modules\appium\node_modules\io.appium.settings\apks\settings_apk-debug.apk'
[debug] &amp#27;[35m[ADB]&amp#27;[39m Getting IDs of all 'io.appium.settings' processes
[debug] &amp#27;[35m[ADB]&amp#27;[39m Running 'C:\Users\haider.ali\AppData\Local\Android\Sdk\platform-tools\adb.exe -P 5037 -s emulator-5554 shell 'pgrep --help; echo $?''
[debug] &amp#27;[35m[ADB]&amp#27;[39m Running 'C:\Users\haider.ali\AppData\Local\Android\Sdk\platform-tools\adb.exe -P 5037 -s emulator-5554 shell pgrep -f io\\.appium\\.settings'
[debug] &amp#27;[35m[AndroidDriver]&amp#27;[39m io.appium.settings is already running. There is no need to reset its permissions.
[debug] &amp#27;[35m[Logcat]&amp#27;[39m Starting logs capture with command: C:\\Users\\haider.ali\\AppData\\Local\\Android\\Sdk\\platform-tools\\adb.exe -P 5037 -s emulator-5554 logcat -v threadtime
[debug] &amp#27;[35m[UiAutomator2]&amp#27;[39m Forwarding UiAutomator2 Server port 6790 to 8200
[debug] &amp#27;[35m[ADB]&amp#27;[39m Forwarding system: 8200 to device: 6790
[debug] &amp#27;[35m[ADB]&amp#27;[39m Running 'C:\Users\haider.ali\AppData\Local\Android\Sdk\platform-tools\adb.exe -P 5037 -s emulator-5554 forward tcp\:8200 tcp\:6790'
[debug] &amp#27;[35m[ADB]&amp#27;[39m Getting install status for io.appium.uiautomator2.server
[debug] &amp#27;[35m[ADB]&amp#27;[39m Running 'C:\Users\haider.ali\AppData\Local\Android\Sdk\platform-tools\adb.exe -P 5037 -s emulator-5554 shell dumpsys package io.appium.uiautomator2.server'
[debug] &amp#27;[35m[ADB]&amp#27;[39m 'io.appium.uiautomator2.server' is installed
[debug] &amp#27;[35m[ADB]&amp#27;[39m Getting package info for 'io.appium.uiautomator2.server'
[debug] &amp#27;[35m[ADB]&amp#27;[39m Running 'C:\Users\haider.ali\AppData\Local\Android\Sdk\platform-tools\adb.exe -P 5037 -s emulator-5554 shell dumpsys package io.appium.uiautomator2.server'
[debug] &amp#27;[35m[ADB]&amp#27;[39m The version name of the installed 'io.appium.uiautomator2.server' is greater or equal to the application version name ('4.12.2' >= '4.12.2')
[debug] &amp#27;[35m[UiAutomator2]&amp#27;[39m io.appium.uiautomator2.server installation state: sameVersionInstalled
[debug] &amp#27;[35m[ADB]&amp#27;[39m Checking app cert for C:\Users\haider.ali\AppData\Roaming\npm\node_modules\appium\node_modules\appium-uiautomator2-server\apks\appium-uiautomator2-server-v4.12.2.apk
&amp#27;[35m[ADB]&amp#27;[39m Using 'apksigner.jar' from 'C:\Users\haider.ali\AppData\Local\Android\Sdk\build-tools\29.0.2\lib\apksigner.jar'
[debug] &amp#27;[35m[ADB]&amp#27;[39m Starting apksigner: 'C:\\Program Files\\Java\\jdk-13.0.1\\bin\\java.exe' -Xmx1024M -Xss1m -jar C:\\Users\\haider.ali\\AppData\\Local\\Android\\Sdk\\build-tools\\29.0.2\\lib\\apksigner.jar verify --print-certs C:\\Users\\haider.ali\\AppData\\Roaming\\npm\\node_modules\\appium\\node_modules\\appium-uiautomator2-server\\apks\\appium-uiautomator2-server-v4.12.2.apk
[debug] &amp#27;[35m[ADB]&amp#27;[39m apksigner stdout: Signer #1 certificate DN: EMAILADDRESS=android@android.com, CN=Android, OU=Android, O=Android, L=Mountain View, ST=California, C=US
[debug] &amp#27;[35m[ADB]&amp#27;[39m Signer #1 certificate SHA-256 digest: a40da80a59d170caa950cf15c18c454d47a39b26989d8b640ecd745ba71bf5dc
[debug] &amp#27;[35m[ADB]&amp#27;[39m Signer #1 certificate SHA-1 digest: 61ed377e85d386a8dfee6b864bd85b0bfaa5af81
[debug] &amp#27;[35m[ADB]&amp#27;[39m Signer #1 certificate MD5 digest: e89b158e4bcf988ebd09eb83f5378e87
[debug] &amp#27;[35m[ADB]&amp#27;[39m 
[debug] &amp#27;[35m[ADB]&amp#27;[39m 'C:\Users\haider.ali\AppData\Roaming\npm\node_modules\appium\node_modules\appium-uiautomator2-server\apks\appium-uiautomator2-server-v4.12.2.apk' is signed with the default certificate
[debug] &amp#27;[35m[ADB]&amp#27;[39m Getting install status for io.appium.uiautomator2.server.test
[debug] &amp#27;[35m[ADB]&amp#27;[39m Running 'C:\Users\haider.ali\AppData\Local\Android\Sdk\platform-tools\adb.exe -P 5037 -s emulator-5554 shell dumpsys package io.appium.uiautomator2.server.test'
[debug] &amp#27;[35m[ADB]&amp#27;[39m 'io.appium.uiautomator2.server.test' is installed
[debug] &amp#27;[35m[ADB]&amp#27;[39m Checking app cert for C:\Users\haider.ali\AppData\Roaming\npm\node_modules\appium\node_modules\appium-uiautomator2-server\apks\appium-uiautomator2-server-debug-androidTest.apk
[debug] &amp#27;[35m[ADB]&amp#27;[39m Starting apksigner: 'C:\\Program Files\\Java\\jdk-13.0.1\\bin\\java.exe' -Xmx1024M -Xss1m -jar C:\\Users\\haider.ali\\AppData\\Local\\Android\\Sdk\\build-tools\\29.0.2\\lib\\apksigner.jar verify --print-certs C:\\Users\\haider.ali\\AppData\\Roaming\\npm\\node_modules\\appium\\node_modules\\appium-uiautomator2-server\\apks\\appium-uiautomator2-server-debug-androidTest.apk
[debug] &amp#27;[35m[ADB]&amp#27;[39m apksigner stdout: Signer #1 certificate DN: EMAILADDRESS=android@android.com, CN=Android, OU=Android, O=Android, L=Mountain View, ST=California, C=US
[debug] &amp#27;[35m[ADB]&amp#27;[39m Signer #1 certificate SHA-256 digest: a40da80a59d170caa950cf15c18c454d47a39b26989d8b640ecd745ba71bf5dc
[debug] &amp#27;[35m[ADB]&amp#27;[39m Signer #1 certificate SHA-1 digest: 61ed377e85d386a8dfee6b864bd85b0bfaa5af81
[debug] &amp#27;[35m[ADB]&amp#27;[39m Signer #1 certificate MD5 digest: e89b158e4bcf988ebd09eb83f5378e87
[debug] &amp#27;[35m[ADB]&amp#27;[39m 
[debug] &amp#27;[35m[ADB]&amp#27;[39m 'C:\Users\haider.ali\AppData\Roaming\npm\node_modules\appium\node_modules\appium-uiautomator2-server\apks\appium-uiautomator2-server-debug-androidTest.apk' is signed with the default certificate
&amp#27;[35m[UiAutomator2]&amp#27;[39m Server packages are not going to be (re)installed
[debug] &amp#27;[35m[UiAutomator2]&amp#27;[39m Waiting up to 30000ms for services to be available
[debug] &amp#27;[35m[ADB]&amp#27;[39m Running 'C:\Users\haider.ali\AppData\Local\Android\Sdk\platform-tools\adb.exe -P 5037 -s emulator-5554 shell pm list instrumentation'
[debug] &amp#27;[35m[UiAutomator2]&amp#27;[39m Instrumentation target 'io.appium.uiautomator2.server.test/androidx.test.runner.AndroidJUnitRunner' is available
[debug] &amp#27;[35m[ADB]&amp#27;[39m Checking app cert for C:\Users\haider.ali\Desktop\appiumMavenProject\src\dantaxi.apk
[debug] &amp#27;[35m[ADB]&amp#27;[39m Starting apksigner: 'C:\\Program Files\\Java\\jdk-13.0.1\\bin\\java.exe' -Xmx1024M -Xss1m -jar C:\\Users\\haider.ali\\AppData\\Local\\Android\\Sdk\\build-tools\\29.0.2\\lib\\apksigner.jar verify --print-certs C:\\Users\\haider.ali\\Desktop\\appiumMavenProject\\src\\dantaxi.apk
[debug] &amp#27;[35m[ADB]&amp#27;[39m apksigner stdout: Signer #1 certificate DN: EMAILADDRESS=android@android.com, CN=Android, OU=Android, O=Android, L=Mountain View, ST=California, C=US
[debug] &amp#27;[35m[ADB]&amp#27;[39m Signer #1 certificate SHA-256 digest: a40da80a59d170caa950cf15c18c454d47a39b26989d8b640ecd745ba71bf5dc
[debug] &amp#27;[35m[ADB]&amp#27;[39m Signer #1 certificate SHA-1 digest: 61ed377e85d386a8dfee6b864bd85b0bfaa5af81
[debug] &amp#27;[35m[ADB]&amp#27;[39m Signer #1 certificate MD5 digest: e89b158e4bcf988ebd09eb83f5378e87
[debug] &amp#27;[35m[ADB]&amp#27;[39m 
[debug] &amp#27;[35m[ADB]&amp#27;[39m 'C:\Users\haider.ali\Desktop\appiumMavenProject\src\dantaxi.apk' is signed with the default certificate
[debug] &amp#27;[35m[ADB]&amp#27;[39m Getting install status for dk.dantaxi.app
[debug] &amp#27;[35m[ADB]&amp#27;[39m Running 'C:\Users\haider.ali\AppData\Local\Android\Sdk\platform-tools\adb.exe -P 5037 -s emulator-5554 shell dumpsys package dk.dantaxi.app'
[debug] &amp#27;[35m[ADB]&amp#27;[39m 'dk.dantaxi.app' is installed
[debug] &amp#27;[35m[ADB]&amp#27;[39m Getting package info for 'dk.dantaxi.app'
[debug] &amp#27;[35m[ADB]&amp#27;[39m Running 'C:\Users\haider.ali\AppData\Local\Android\Sdk\platform-tools\adb.exe -P 5037 -s emulator-5554 shell dumpsys package dk.dantaxi.app'
[debug] &amp#27;[35m[ADB]&amp#27;[39m The version name of the installed 'dk.dantaxi.app' is greater or equal to the application version name ('2.3.2' >= '2.3.2')
[debug] &amp#27;[35m[ADB]&amp#27;[39m There is no need to install/upgrade 'C:\Users\haider.ali\Desktop\appiumMavenProject\src\dantaxi.apk'
&amp#27;[35m[AndroidDriver]&amp#27;[39m Performing fast reset on 'dk.dantaxi.app'
[debug] &amp#27;[35m[ADB]&amp#27;[39m Getting install status for dk.dantaxi.app
[debug] &amp#27;[35m[ADB]&amp#27;[39m Running 'C:\Users\haider.ali\AppData\Local\Android\Sdk\platform-tools\adb.exe -P 5037 -s emulator-5554 shell dumpsys package dk.dantaxi.app'
[debug] &amp#27;[35m[ADB]&amp#27;[39m 'dk.dantaxi.app' is installed
[debug] &amp#27;[35m[ADB]&amp#27;[39m Running 'C:\Users\haider.ali\AppData\Local\Android\Sdk\platform-tools\adb.exe -P 5037 -s emulator-5554 shell am force-stop dk.dantaxi.app'
[debug] &amp#27;[35m[ADB]&amp#27;[39m Running 'C:\Users\haider.ali\AppData\Local\Android\Sdk\platform-tools\adb.exe -P 5037 -s emulator-5554 shell pm clear dk.dantaxi.app'
[debug] &amp#27;[35m[AndroidDriver]&amp#27;[39m Performed fast reset on the installed 'dk.dantaxi.app' application (stop and clear)
[debug] &amp#27;[35m[UiAutomator2]&amp#27;[39m Performing shallow cleanup of automation leftovers
[debug] &amp#27;[35m[UiAutomator2]&amp#27;[39m No obsolete sessions have been detected (socket hang up)
[debug] &amp#27;[35m[ADB]&amp#27;[39m Running 'C:\Users\haider.ali\AppData\Local\Android\Sdk\platform-tools\adb.exe -P 5037 -s emulator-5554 shell am force-stop io.appium.uiautomator2.server.test'
&amp#27;[35m[UiAutomator2]&amp#27;[39m Starting UIAutomator2 server 4.12.2
&amp#27;[35m[UiAutomator2]&amp#27;[39m Using UIAutomator2 server from 'C:\Users\haider.ali\AppData\Roaming\npm\node_modules\appium\node_modules\appium-uiautomator2-server\apks\appium-uiautomator2-server-v4.12.2.apk' and test from 'C:\Users\haider.ali\AppData\Roaming\npm\node_modules\appium\node_modules\appium-uiautomator2-server\apks\appium-uiautomator2-server-debug-androidTest.apk'
&amp#27;[35m[UiAutomator2]&amp#27;[39m Waiting up to 30000ms for UiAutomator2 to be online...
[debug] &amp#27;[35m[ADB]&amp#27;[39m Creating ADB subprocess with args: ["-P",5037,"-s","emulator-5554","shell","am","instrument","-w","io.appium.uiautomator2.server.test/androidx.test.runner.AndroidJUnitRunner"]
[debug] &amp#27;[35m[WD Proxy]&amp#27;[39m Matched '/status' to command name 'getStatus'
[debug] &amp#27;[35m[WD Proxy]&amp#27;[39m Proxying [GET /status] to [GET http://127.0.0.1:8200/wd/hub/status] with no body
&amp#27;[35m[WD Proxy]&amp#27;[39m socket hang up
[debug] &amp#27;[35m[WD Proxy]&amp#27;[39m Matched '/status' to command name 'getStatus'
[debug] &amp#27;[35m[WD Proxy]&amp#27;[39m Proxying [GET /status] to [GET http://127.0.0.1:8200/wd/hub/status] with no body
&amp#27;[35m[WD Proxy]&amp#27;[39m socket hang up
[debug] &amp#27;[35m[WD Proxy]&amp#27;[39m Matched '/status' to command name 'getStatus'
[debug] &amp#27;[35m[WD Proxy]&amp#27;[39m Proxying [GET /status] to [GET http://127.0.0.1:8200/wd/hub/status] with no body
&amp#27;[35m[WD Proxy]&amp#27;[39m socket hang up
[debug] &amp#27;[35m[Instrumentation]&amp#27;[39m io.appium.uiautomator2.server.test.AppiumUiAutomator2Server:
[debug] &amp#27;[35m[WD Proxy]&amp#27;[39m Matched '/status' to command name 'getStatus'
[debug] &amp#27;[35m[WD Proxy]&amp#27;[39m Proxying [GET /status] to [GET http://127.0.0.1:8200/wd/hub/status] with no body
&amp#27;[35m[WD Proxy]&amp#27;[39m socket hang up
[debug] &amp#27;[35m[WD Proxy]&amp#27;[39m Matched '/status' to command name 'getStatus'
[debug] &amp#27;[35m[WD Proxy]&amp#27;[39m Proxying [GET /status] to [GET http://127.0.0.1:8200/wd/hub/status] with no body
[debug] &amp#27;[35m[WD Proxy]&amp#27;[39m Got response with status 200: {"sessionId":"None","value":{"message":"UiAutomator2 Server is ready to accept commands","ready":true}}
[debug] &amp#27;[35m[UiAutomator2]&amp#27;[39m The initialization of the instrumentation process took 5262ms
[debug] &amp#27;[35m[WD Proxy]&amp#27;[39m Matched '/session' to command name 'createSession'
[debug] &amp#27;[35m[WD Proxy]&amp#27;[39m Proxying [POST /session] to [POST http://127.0.0.1:8200/wd/hub/session] with body: {"capabilities":{"firstMatch":[{"platform":"LINUX","webStorageEnabled":false,"takesScreenshot":true,"javascriptEnabled":true,"databaseEnabled":false,"networkConnectionEnabled":true,"locationContextEnabled":false,"warnings":{},"desired":{"platformName":"android","app":"C:\\Users\\haider.ali\\Desktop\\appiumMavenProject\\src\\dantaxi.apk","automationName":"UiAutomator2","deviceName":"emulator"},"platformName":"android","app":"C:\\Users\\haider.ali\\Desktop\\appiumMavenProject\\src\\dantaxi.apk","automationName":"UiAutomator2","deviceName":"emulator-5554","deviceUDID":"emulator-5554","appPackage":"dk.dantaxi.app"}],"alwaysMatch":{}}}
[debug] &amp#27;[35m[WD Proxy]&amp#27;[39m Got response with status 200: {"sessionId":"c9b27488-8725-49a2-be8e-6be6149ba42d","value":{"capabilities":{"firstMatch":[{"platform":"LINUX","webStorageEnabled":false,"takesScreenshot":true,"javascriptEnabled":true,"databaseEnabled":false,"networkConnectionEnabled":true,"locationContextEnabled":false,"warnings":{},"desired":{"platformName":"android","app":"C:\\Users\\haider.ali\\Desktop\\appiumMavenProject\\src\\dantaxi.apk","automationName":"UiAutomator2","deviceName":"emulator"},"platformName":"android","app":"C:\\Users\\haider.ali\\Desktop\\appiumMavenProject\\src\\dantaxi.apk","automationName":"UiAutomator2","deviceName":"emulator-5554","deviceUDID":"emulator-5554","appPackage":"dk.dantaxi.app"}],"alwaysMatch":{}},"sessionId":"c9b27488-8725-49a2-be8e-6be6149ba42d"}}
&amp#27;[35m[WD Proxy]&amp#27;[39m Determined the downstream protocol as 'W3C'
[debug] &amp#27;[35m[WD Proxy]&amp#27;[39m Proxying [GET /appium/device/info] to [GET http://127.0.0.1:8200/wd/hub/session/c9b27488-8725-49a2-be8e-6be6149ba42d/appium/device/info] with no body
[debug] &amp#27;[35m[WD Proxy]&amp#27;[39m Got response with status 200: {"sessionId":"c9b27488-8725-49a2-be8e-6be6149ba42d","value":{"androidId":"17af7a4c9b322cad","apiVersion":"29","bluetooth":null,"brand":"google","carrierName":"Android","displayDensity":400,"locale":"en_US","manufacturer":"Google","model":"Android SDK built for x86","networks":[{"capabilities":{"SSID":null,"linkDownBandwidthKbps":1048576,"linkUpstreamBandwidthKbps":1048576,"networkCapabilities":"NET_CAPABILITY_NOT_METERED,NET_CAPABILITY_INTERNET,NET_CAPABILITY_NOT_RESTRICTED,NET_CAPABILITY_TRUSTED,NET_CAPABILITY_NOT_VPN,NET_CAPABILITY_VALIDATED,NET_CAPABILITY_NOT_ROAMING,NET_CAPABILITY_FOREGROUND,NET_CAPABILITY_NOT_CONGESTED,NET_CAPABILITY_NOT_SUSPENDED","signalStrength":-30,"transportTypes":"TRANSPORT_WIFI"},"detailedState":"CONNECTED","extraInfo":null,"isAvailable":true,"isConnected":true,"isFailover":false,"isRoaming":false,"state":"CONNECTED","subtype":0,"subtypeName":"","type":1,"typeName":"WIFI"},{"capabilities":{"SSID":null,"linkDownBandwidthKbps":102400,"linkUpstreamBandwidthKbps":51200,"networkCapa...
[debug] &amp#27;[35m[ADB]&amp#27;[39m Running 'C:\Users\haider.ali\AppData\Local\Android\Sdk\platform-tools\adb.exe -P 5037 -s emulator-5554 shell dumpsys window'
&amp#27;[35m[AndroidDriver]&amp#27;[39m Screen already unlocked, doing nothing
&amp#27;[35m[UiAutomator2]&amp#27;[39m Starting 'dk.dantaxi.app/dk.dantaxi.app.ui.launch.LaunchActivity and waiting for 'dk.dantaxi.app/dk.dantaxi.app.ui.launch.LaunchActivity'
[debug] &amp#27;[35m[ADB]&amp#27;[39m Running 'C:\Users\haider.ali\AppData\Local\Android\Sdk\platform-tools\adb.exe -P 5037 -s emulator-5554 shell am start -W -n dk.dantaxi.app/dk.dantaxi.app.ui.launch.LaunchActivity -S -a android.intent.action.MAIN -c android.intent.category.LAUNCHER -f 0x10200000'
[debug] &amp#27;[35m[ADB]&amp#27;[39m Waiting up to 20000ms for activity matching pkg: 'dk.dantaxi.app' and activity: 'dk.dantaxi.app.ui.launch.LaunchActivity' to be focused
[debug] &amp#27;[35m[ADB]&amp#27;[39m Possible activities, to be checked: 'dk.dantaxi.app.ui.launch.LaunchActivity', 'dk.dantaxi.app.dk.dantaxi.app.ui.launch.LaunchActivity'
[debug] &amp#27;[35m[ADB]&amp#27;[39m Getting focused package and activity
[debug] &amp#27;[35m[ADB]&amp#27;[39m Running 'C:\Users\haider.ali\AppData\Local\Android\Sdk\platform-tools\adb.exe -P 5037 -s emulator-5554 shell dumpsys window displays'
[debug] &amp#27;[35m[ADB]&amp#27;[39m Found package: 'dk.dantaxi.app' and fully qualified activity name : 'dk.dantaxi.app.ui.launch.LaunchActivity'
[debug] &amp#27;[35m[WD Proxy]&amp#27;[39m Proxying [GET /appium/device/pixel_ratio] to [GET http://127.0.0.1:8200/wd/hub/session/c9b27488-8725-49a2-be8e-6be6149ba42d/appium/device/pixel_ratio] with no body
[debug] &amp#27;[35m[WD Proxy]&amp#27;[39m Got response with status 200: {"sessionId":"c9b27488-8725-49a2-be8e-6be6149ba42d","value":2.5}
[debug] &amp#27;[35m[WD Proxy]&amp#27;[39m Matched '/appium/device/system_bars' to command name 'getSystemBars'
[debug] &amp#27;[35m[WD Proxy]&amp#27;[39m Proxying [GET /appium/device/system_bars] to [GET http://127.0.0.1:8200/wd/hub/session/c9b27488-8725-49a2-be8e-6be6149ba42d/appium/device/system_bars] with no body
[debug] &amp#27;[35m[WD Proxy]&amp#27;[39m Got response with status 200: {"sessionId":"c9b27488-8725-49a2-be8e-6be6149ba42d","value":{"statusBar":60}}
[debug] &amp#27;[35m[WD Proxy]&amp#27;[39m Matched '/window/current/size' to command name 'getWindowSize'
[debug] &amp#27;[35m[WD Proxy]&amp#27;[39m Proxying [GET /window/current/size] to [GET http://127.0.0.1:8200/wd/hub/session/c9b27488-8725-49a2-be8e-6be6149ba42d/window/current/size] with no body
[debug] &amp#27;[35m[WD Proxy]&amp#27;[39m Got response with status 200: {"sessionId":"c9b27488-8725-49a2-be8e-6be6149ba42d","value":{"height":2040,"width":1080}}
&amp#27;[35m[Appium]&amp#27;[39m New AndroidUiautomator2Driver session created successfully, session 91f85ed0-852d-4770-8078-85fe085baedd added to master session list
[debug] &amp#27;[35m[BaseDriver]&amp#27;[39m Event 'newSessionStarted' logged at 1606833209621 (19:33:29 GMT+0500 (Pakistan Standard Time))
[debug] &amp#27;[35m[W3C (91f85ed0)]&amp#27;[39m Cached the protocol value 'W3C' for the new session 91f85ed0-852d-4770-8078-85fe085baedd
[debug] &amp#27;[35m[W3C (91f85ed0)]&amp#27;[39m Responding to client with driver.createSession() result: {"capabilities":{"platform":"LINUX","webStorageEnabled":false,"takesScreenshot":true,"javascriptEnabled":true,"databaseEnabled":false,"networkConnectionEnabled":true,"locationContextEnabled":false,"warnings":{},"desired":{"platformName":"android","app":"C:\\Users\\haider.ali\\Desktop\\appiumMavenProject\\src\\dantaxi.apk","automationName":"UiAutomator2","deviceName":"emulator"},"platformName":"android","app":"C:\\Users\\haider.ali\\Desktop\\appiumMavenProject\\src\\dantaxi.apk","automationName":"UiAutomator2","deviceName":"emulator-5554","deviceUDID":"emulator-5554","appPackage":"dk.dantaxi.app","deviceApiLevel":29,"platformVersion":"10","deviceScreenSize":"1080x2160","deviceScreenDensity":400,"deviceModel":"Android SDK built for x86","deviceManufacturer":"Google","pixelRatio":2.5,"statBarHeight":60,"viewportRect":{"left":0,"top":60,"width":1080,"height":1980}}}
&amp#27;[35m[HTTP]&amp#27;[39m &amp#27;[37m<-- POST /wd/hub/session &amp#27;[39m&amp#27;[32m200&amp#27;[39m &amp#27;[90m21421 ms - 935&amp#27;[39m
&amp#27;[35m[HTTP]&amp#27;[39m &amp#27;[90m&amp#27;[39m
&amp#27;[35m[HTTP]&amp#27;[39m &amp#27;[37m-->&amp#27;[39m &amp#27;[37mPOST&amp#27;[39m &amp#27;[37m/wd/hub/session/91f85ed0-852d-4770-8078-85fe085baedd/timeouts&amp#27;[39m
&amp#27;[35m[HTTP]&amp#27;[39m &amp#27;[90m{"implicit":20000}&amp#27;[39m
[debug] &amp#27;[35m[W3C (91f85ed0)]&amp#27;[39m Calling AppiumDriver.timeouts() with args: [null,null,null,null,20000,"91f85ed0-852d-4770-8078-85fe085baedd"]
[debug] &amp#27;[35m[BaseDriver]&amp#27;[39m W3C timeout argument: {"implicit":20000}}
[debug] &amp#27;[35m[BaseDriver]&amp#27;[39m Set implicit wait to 20000ms
[debug] &amp#27;[35m[W3C (91f85ed0)]&amp#27;[39m Responding to client with driver.timeouts() result: null
&amp#27;[35m[HTTP]&amp#27;[39m &amp#27;[37m<-- POST /wd/hub/session/91f85ed0-852d-4770-8078-85fe085baedd/timeouts &amp#27;[39m&amp#27;[32m200&amp#27;[39m &amp#27;[90m10 ms - 14&amp#27;[39m
&amp#27;[35m[HTTP]&amp#27;[39m &amp#27;[90m&amp#27;[39m
&amp#27;[35m[HTTP]&amp#27;[39m &amp#27;[37m-->&amp#27;[39m &amp#27;[37mPOST&amp#27;[39m &amp#27;[37m/wd/hub/session/91f85ed0-852d-4770-8078-85fe085baedd/element&amp#27;[39m
&amp#27;[35m[HTTP]&amp#27;[39m &amp#27;[90m{"using":"id","value":"dk.dantaxi.app:id/btn_create_profile"}&amp#27;[39m
[debug] &amp#27;[35m[W3C (91f85ed0)]&amp#27;[39m Calling AppiumDriver.findElement() with args: ["id","dk.dantaxi.app:id/btn_create_profile","91f85ed0-852d-4770-8078-85fe085baedd"]
[debug] &amp#27;[35m[BaseDriver]&amp#27;[39m Valid locator strategies for this request: xpath, id, class name, accessibility id, -android uiautomator
[debug] &amp#27;[35m[BaseDriver]&amp#27;[39m Waiting up to 20000 ms for condition
[debug] &amp#27;[35m[WD Proxy]&amp#27;[39m Matched '/element' to command name 'findElement'
[debug] &amp#27;[35m[WD Proxy]&amp#27;[39m Proxying [POST /element] to [POST http://127.0.0.1:8200/wd/hub/session/c9b27488-8725-49a2-be8e-6be6149ba42d/element] with body: {"strategy":"id","selector":"dk.dantaxi.app:id/btn_create_profile","context":"","multiple":false}
&amp#27;[35m[WD Proxy]&amp#27;[39m Got response with status 404: {"sessionId":"c9b27488-8725-49a2-be8e-6be6149ba42d","value":{"error":"no such element","message":"An element could not be located on the page using the given search parameters","stacktrace":"io.appium.uiautomator2.common.exceptions.ElementNotFoundException: An element could not be located on the page using the given search parameters\n\tat io.appium.uiautomator2.handler.FindElement.safeHandle(FindElement.java:73)\n\tat io.appium.uiautomator2.handler.request.SafeRequestHandler.handle(SafeRequestHandler.java:41)\n\tat io.appium.uiautomator2.server.AppiumServlet.handleRequest(AppiumServlet.java:253)\n\tat io.appium.uiautomator2.server.AppiumServlet.handleHttpRequest(AppiumServlet.java:247)\n\tat io.appium.uiautomator2.http.ServerHandler.channelRead(ServerHandler.java:68)\n\tat io.netty.channel.AbstractChannelHandlerContext.invokeChannelRead(AbstractChannelHandlerContext.java:366)\n\tat io.netty.channel.AbstractChannelHandlerContext.invokeChannelRead(AbstractChannelHandlerContext.java:352)\n\tat io.netty.chann...
[debug] &amp#27;[35m[W3C]&amp#27;[39m Matched W3C error code 'no such element' to NoSuchElementError
[debug] &amp#27;[35m[BaseDriver]&amp#27;[39m Waited for 339 ms so far
[debug] &amp#27;[35m[WD Proxy]&amp#27;[39m Matched '/element' to command name 'findElement'
[debug] &amp#27;[35m[WD Proxy]&amp#27;[39m Proxying [POST /element] to [POST http://127.0.0.1:8200/wd/hub/session/c9b27488-8725-49a2-be8e-6be6149ba42d/element] with body: {"strategy":"id","selector":"dk.dantaxi.app:id/btn_create_profile","context":"","multiple":false}
&amp#27;[35m[WD Proxy]&amp#27;[39m Got response with status 404: {"sessionId":"c9b27488-8725-49a2-be8e-6be6149ba42d","value":{"error":"no such element","message":"An element could not be located on the page using the given search parameters","stacktrace":"io.appium.uiautomator2.common.exceptions.ElementNotFoundException: An element could not be located on the page using the given search parameters\n\tat io.appium.uiautomator2.handler.FindElement.safeHandle(FindElement.java:73)\n\tat io.appium.uiautomator2.handler.request.SafeRequestHandler.handle(SafeRequestHandler.java:41)\n\tat io.appium.uiautomator2.server.AppiumServlet.handleRequest(AppiumServlet.java:253)\n\tat io.appium.uiautomator2.server.AppiumServlet.handleHttpRequest(AppiumServlet.java:247)\n\tat io.appium.uiautomator2.http.ServerHandler.channelRead(ServerHandler.java:68)\n\tat io.netty.channel.AbstractChannelHandlerContext.invokeChannelRead(AbstractChannelHandlerContext.java:366)\n\tat io.netty.channel.AbstractChannelHandlerContext.invokeChannelRead(AbstractChannelHandlerContext.java:352)\n\tat io.netty.chann...
[debug] &amp#27;[35m[W3C]&amp#27;[39m Matched W3C error code 'no such element' to NoSuchElementError
[debug] &amp#27;[35m[BaseDriver]&amp#27;[39m Waited for 1034 ms so far
[debug] &amp#27;[35m[WD Proxy]&amp#27;[39m Matched '/element' to command name 'findElement'
[debug] &amp#27;[35m[WD Proxy]&amp#27;[39m Proxying [POST /element] to [POST http://127.0.0.1:8200/wd/hub/session/c9b27488-8725-49a2-be8e-6be6149ba42d/element] with body: {"strategy":"id","selector":"dk.dantaxi.app:id/btn_create_profile","context":"","multiple":false}
[debug] &amp#27;[35m[WD Proxy]&amp#27;[39m Got response with status 200: {"sessionId":"c9b27488-8725-49a2-be8e-6be6149ba42d","value":{"ELEMENT":"483b2bc7-0cde-43bd-81da-5d7a31dcd45f","element-6066-11e4-a52e-4f735466cecf":"483b2bc7-0cde-43bd-81da-5d7a31dcd45f"}}
[debug] &amp#27;[35m[W3C (91f85ed0)]&amp#27;[39m Responding to client with driver.findElement() result: {"element-6066-11e4-a52e-4f735466cecf":"483b2bc7-0cde-43bd-81da-5d7a31dcd45f","ELEMENT":"483b2bc7-0cde-43bd-81da-5d7a31dcd45f"}
&amp#27;[35m[HTTP]&amp#27;[39m &amp#27;[37m<-- POST /wd/hub/session/91f85ed0-852d-4770-8078-85fe085baedd/element &amp#27;[39m&amp#27;[32m200&amp#27;[39m &amp#27;[90m2202 ms - 137&amp#27;[39m
&amp#27;[35m[HTTP]&amp#27;[39m &amp#27;[90m&amp#27;[39m
&amp#27;[35m[HTTP]&amp#27;[39m &amp#27;[37m-->&amp#27;[39m &amp#27;[37mPOST&amp#27;[39m &amp#27;[37m/wd/hub/session/91f85ed0-852d-4770-8078-85fe085baedd/element/483b2bc7-0cde-43bd-81da-5d7a31dcd45f/click&amp#27;[39m
&amp#27;[35m[HTTP]&amp#27;[39m &amp#27;[90m{"id":"483b2bc7-0cde-43bd-81da-5d7a31dcd45f"}&amp#27;[39m
[debug] &amp#27;[35m[W3C (91f85ed0)]&amp#27;[39m Calling AppiumDriver.click() with args: ["483b2bc7-0cde-43bd-81da-5d7a31dcd45f","91f85ed0-852d-4770-8078-85fe085baedd"]
[debug] &amp#27;[35m[WD Proxy]&amp#27;[39m Matched '/element/483b2bc7-0cde-43bd-81da-5d7a31dcd45f/click' to command name 'click'
[debug] &amp#27;[35m[WD Proxy]&amp#27;[39m Proxying [POST /element/483b2bc7-0cde-43bd-81da-5d7a31dcd45f/click] to [POST http://127.0.0.1:8200/wd/hub/session/c9b27488-8725-49a2-be8e-6be6149ba42d/element/483b2bc7-0cde-43bd-81da-5d7a31dcd45f/click] with body: {"element":"483b2bc7-0cde-43bd-81da-5d7a31dcd45f"}
[debug] &amp#27;[35m[WD Proxy]&amp#27;[39m Got response with status 200: {"sessionId":"c9b27488-8725-49a2-be8e-6be6149ba42d","value":null}
[debug] &amp#27;[35m[W3C (91f85ed0)]&amp#27;[39m Responding to client with driver.click() result: null
&amp#27;[35m[HTTP]&amp#27;[39m &amp#27;[37m<-- POST /wd/hub/session/91f85ed0-852d-4770-8078-85fe085baedd/element/483b2bc7-0cde-43bd-81da-5d7a31dcd45f/click &amp#27;[39m&amp#27;[32m200&amp#27;[39m &amp#27;[90m100 ms - 14&amp#27;[39m
&amp#27;[35m[HTTP]&amp#27;[39m &amp#27;[90m&amp#27;[39m
&amp#27;[35m[HTTP]&amp#27;[39m &amp#27;[37m-->&amp#27;[39m &amp#27;[37mPOST&amp#27;[39m &amp#27;[37m/wd/hub/session/91f85ed0-852d-4770-8078-85fe085baedd/element&amp#27;[39m
&amp#27;[35m[HTTP]&amp#27;[39m &amp#27;[90m{"using":"id","value":"dk.dantaxi.app:id/rlClickConsumer"}&amp#27;[39m
[debug] &amp#27;[35m[W3C (91f85ed0)]&amp#27;[39m Calling AppiumDriver.findElement() with args: ["id","dk.dantaxi.app:id/rlClickConsumer","91f85ed0-852d-4770-8078-85fe085baedd"]
[debug] &amp#27;[35m[BaseDriver]&amp#27;[39m Valid locator strategies for this request: xpath, id, class name, accessibility id, -android uiautomator
[debug] &amp#27;[35m[BaseDriver]&amp#27;[39m Waiting up to 20000 ms for condition
[debug] &amp#27;[35m[WD Proxy]&amp#27;[39m Matched '/element' to command name 'findElement'
[debug] &amp#27;[35m[WD Proxy]&amp#27;[39m Proxying [POST /element] to [POST http://127.0.0.1:8200/wd/hub/session/c9b27488-8725-49a2-be8e-6be6149ba42d/element] with body: {"strategy":"id","selector":"dk.dantaxi.app:id/rlClickConsumer","context":"","multiple":false}
&amp#27;[35m[WD Proxy]&amp#27;[39m Got response with status 404: {"sessionId":"c9b27488-8725-49a2-be8e-6be6149ba42d","value":{"error":"no such element","message":"An element could not be located on the page using the given search parameters","stacktrace":"io.appium.uiautomator2.common.exceptions.ElementNotFoundException: An element could not be located on the page using the given search parameters\n\tat io.appium.uiautomator2.handler.FindElement.safeHandle(FindElement.java:73)\n\tat io.appium.uiautomator2.handler.request.SafeRequestHandler.handle(SafeRequestHandler.java:41)\n\tat io.appium.uiautomator2.server.AppiumServlet.handleRequest(AppiumServlet.java:253)\n\tat io.appium.uiautomator2.server.AppiumServlet.handleHttpRequest(AppiumServlet.java:247)\n\tat io.appium.uiautomator2.http.ServerHandler.channelRead(ServerHandler.java:68)\n\tat io.netty.channel.AbstractChannelHandlerContext.invokeChannelRead(AbstractChannelHandlerContext.java:366)\n\tat io.netty.channel.AbstractChannelHandlerContext.invokeChannelRead(AbstractChannelHandlerContext.java:352)\n\tat io.netty.chann...
[debug] &amp#27;[35m[W3C]&amp#27;[39m Matched W3C error code 'no such element' to NoSuchElementError
[debug] &amp#27;[35m[BaseDriver]&amp#27;[39m Waited for 329 ms so far
[debug] &amp#27;[35m[WD Proxy]&amp#27;[39m Matched '/element' to command name 'findElement'
[debug] &amp#27;[35m[WD Proxy]&amp#27;[39m Proxying [POST /element] to [POST http://127.0.0.1:8200/wd/hub/session/c9b27488-8725-49a2-be8e-6be6149ba42d/element] with body: {"strategy":"id","selector":"dk.dantaxi.app:id/rlClickConsumer","context":"","multiple":false}
&amp#27;[35m[WD Proxy]&amp#27;[39m Got response with status 404: {"sessionId":"c9b27488-8725-49a2-be8e-6be6149ba42d","value":{"error":"no such element","message":"An element could not be located on the page using the given search parameters","stacktrace":"io.appium.uiautomator2.common.exceptions.ElementNotFoundException: An element could not be located on the page using the given search parameters\n\tat io.appium.uiautomator2.handler.FindElement.safeHandle(FindElement.java:73)\n\tat io.appium.uiautomator2.handler.request.SafeRequestHandler.handle(SafeRequestHandler.java:41)\n\tat io.appium.uiautomator2.server.AppiumServlet.handleRequest(AppiumServlet.java:253)\n\tat io.appium.uiautomator2.server.AppiumServlet.handleHttpRequest(AppiumServlet.java:247)\n\tat io.appium.uiautomator2.http.ServerHandler.channelRead(ServerHandler.java:68)\n\tat io.netty.channel.AbstractChannelHandlerContext.invokeChannelRead(AbstractChannelHandlerContext.java:366)\n\tat io.netty.channel.AbstractChannelHandlerContext.invokeChannelRead(AbstractChannelHandlerContext.java:352)\n\tat io.netty.chann...
[debug] &amp#27;[35m[W3C]&amp#27;[39m Matched W3C error code 'no such element' to NoSuchElementError
[debug] &amp#27;[35m[BaseDriver]&amp#27;[39m Waited for 1057 ms so far
[debug] &amp#27;[35m[WD Proxy]&amp#27;[39m Matched '/element' to command name 'findElement'
[debug] &amp#27;[35m[WD Proxy]&amp#27;[39m Proxying [POST /element] to [POST http://127.0.0.1:8200/wd/hub/session/c9b27488-8725-49a2-be8e-6be6149ba42d/element] with body: {"strategy":"id","selector":"dk.dantaxi.app:id/rlClickConsumer","context":"","multiple":false}
[debug] &amp#27;[35m[WD Proxy]&amp#27;[39m Got response with status 200: {"sessionId":"c9b27488-8725-49a2-be8e-6be6149ba42d","value":{"ELEMENT":"8572bb2c-1e2d-4189-94d9-744974adbb09","element-6066-11e4-a52e-4f735466cecf":"8572bb2c-1e2d-4189-94d9-744974adbb09"}}
[debug] &amp#27;[35m[W3C (91f85ed0)]&amp#27;[39m Responding to client with driver.findElement() result: {"element-6066-11e4-a52e-4f735466cecf":"8572bb2c-1e2d-4189-94d9-744974adbb09","ELEMENT":"8572bb2c-1e2d-4189-94d9-744974adbb09"}
&amp#27;[35m[HTTP]&amp#27;[39m &amp#27;[37m<-- POST /wd/hub/session/91f85ed0-852d-4770-8078-85fe085baedd/element &amp#27;[39m&amp#27;[32m200&amp#27;[39m &amp#27;[90m2610 ms - 137&amp#27;[39m
&amp#27;[35m[HTTP]&amp#27;[39m &amp#27;[90m&amp#27;[39m
&amp#27;[35m[HTTP]&amp#27;[39m &amp#27;[37m-->&amp#27;[39m &amp#27;[37mPOST&amp#27;[39m &amp#27;[37m/wd/hub/session/91f85ed0-852d-4770-8078-85fe085baedd/element/8572bb2c-1e2d-4189-94d9-744974adbb09/click&amp#27;[39m
&amp#27;[35m[HTTP]&amp#27;[39m &amp#27;[90m{"id":"8572bb2c-1e2d-4189-94d9-744974adbb09"}&amp#27;[39m
[debug] &amp#27;[35m[W3C (91f85ed0)]&amp#27;[39m Calling AppiumDriver.click() with args: ["8572bb2c-1e2d-4189-94d9-744974adbb09","91f85ed0-852d-4770-8078-85fe085baedd"]
[debug] &amp#27;[35m[WD Proxy]&amp#27;[39m Matched '/element/8572bb2c-1e2d-4189-94d9-744974adbb09/click' to command name 'click'
[debug] &amp#27;[35m[WD Proxy]&amp#27;[39m Proxying [POST /element/8572bb2c-1e2d-4189-94d9-744974adbb09/click] to [POST http://127.0.0.1:8200/wd/hub/session/c9b27488-8725-49a2-be8e-6be6149ba42d/element/8572bb2c-1e2d-4189-94d9-744974adbb09/click] with body: {"element":"8572bb2c-1e2d-4189-94d9-744974adbb09"}
[debug] &amp#27;[35m[WD Proxy]&amp#27;[39m Got response with status 200: {"sessionId":"c9b27488-8725-49a2-be8e-6be6149ba42d","value":null}
[debug] &amp#27;[35m[W3C (91f85ed0)]&amp#27;[39m Responding to client with driver.click() result: null
&amp#27;[35m[HTTP]&amp#27;[39m &amp#27;[37m<-- POST /wd/hub/session/91f85ed0-852d-4770-8078-85fe085baedd/element/8572bb2c-1e2d-4189-94d9-744974adbb09/click &amp#27;[39m&amp#27;[32m200&amp#27;[39m &amp#27;[90m532 ms - 14&amp#27;[39m
&amp#27;[35m[HTTP]&amp#27;[39m &amp#27;[90m&amp#27;[39m
&amp#27;[35m[HTTP]&amp#27;[39m &amp#27;[37m-->&amp#27;[39m &amp#27;[37mPOST&amp#27;[39m &amp#27;[37m/wd/hub/session/91f85ed0-852d-4770-8078-85fe085baedd/element&amp#27;[39m
&amp#27;[35m[HTTP]&amp#27;[39m &amp#27;[90m{"using":"id","value":"dk.dantaxi.app:id/editText_search"}&amp#27;[39m
[debug] &amp#27;[35m[W3C (91f85ed0)]&amp#27;[39m Calling AppiumDriver.findElement() with args: ["id","dk.dantaxi.app:id/editText_search","91f85ed0-852d-4770-8078-85fe085baedd"]
[debug] &amp#27;[35m[BaseDriver]&amp#27;[39m Valid locator strategies for this request: xpath, id, class name, accessibility id, -android uiautomator
[debug] &amp#27;[35m[BaseDriver]&amp#27;[39m Waiting up to 20000 ms for condition
[debug] &amp#27;[35m[WD Proxy]&amp#27;[39m Matched '/element' to command name 'findElement'
[debug] &amp#27;[35m[WD Proxy]&amp#27;[39m Proxying [POST /element] to [POST http://127.0.0.1:8200/wd/hub/session/c9b27488-8725-49a2-be8e-6be6149ba42d/element] with body: {"strategy":"id","selector":"dk.dantaxi.app:id/editText_search","context":"","multiple":false}
&amp#27;[35m[WD Proxy]&amp#27;[39m Got response with status 404: {"sessionId":"c9b27488-8725-49a2-be8e-6be6149ba42d","value":{"error":"no such element","message":"An element could not be located on the page using the given search parameters","stacktrace":"io.appium.uiautomator2.common.exceptions.ElementNotFoundException: An element could not be located on the page using the given search parameters\n\tat io.appium.uiautomator2.handler.FindElement.safeHandle(FindElement.java:73)\n\tat io.appium.uiautomator2.handler.request.SafeRequestHandler.handle(SafeRequestHandler.java:41)\n\tat io.appium.uiautomator2.server.AppiumServlet.handleRequest(AppiumServlet.java:253)\n\tat io.appium.uiautomator2.server.AppiumServlet.handleHttpRequest(AppiumServlet.java:247)\n\tat io.appium.uiautomator2.http.ServerHandler.channelRead(ServerHandler.java:68)\n\tat io.netty.channel.AbstractChannelHandlerContext.invokeChannelRead(AbstractChannelHandlerContext.java:366)\n\tat io.netty.channel.AbstractChannelHandlerContext.invokeChannelRead(AbstractChannelHandlerContext.java:352)\n\tat io.netty.chann...
[debug] &amp#27;[35m[W3C]&amp#27;[39m Matched W3C error code 'no such element' to NoSuchElementError
[debug] &amp#27;[35m[BaseDriver]&amp#27;[39m Waited for 1251 ms so far
[debug] &amp#27;[35m[WD Proxy]&amp#27;[39m Matched '/element' to command name 'findElement'
[debug] &amp#27;[35m[WD Proxy]&amp#27;[39m Proxying [POST /element] to [POST http://127.0.0.1:8200/wd/hub/session/c9b27488-8725-49a2-be8e-6be6149ba42d/element] with body: {"strategy":"id","selector":"dk.dantaxi.app:id/editText_search","context":"","multiple":false}
[debug] &amp#27;[35m[WD Proxy]&amp#27;[39m Got response with status 200: {"sessionId":"c9b27488-8725-49a2-be8e-6be6149ba42d","value":{"ELEMENT":"a59594d3-727a-43fd-93e9-c1fda011ad18","element-6066-11e4-a52e-4f735466cecf":"a59594d3-727a-43fd-93e9-c1fda011ad18"}}
[debug] &amp#27;[35m[W3C (91f85ed0)]&amp#27;[39m Responding to client with driver.findElement() result: {"element-6066-11e4-a52e-4f735466cecf":"a59594d3-727a-43fd-93e9-c1fda011ad18","ELEMENT":"a59594d3-727a-43fd-93e9-c1fda011ad18"}
&amp#27;[35m[HTTP]&amp#27;[39m &amp#27;[37m<-- POST /wd/hub/session/91f85ed0-852d-4770-8078-85fe085baedd/element &amp#27;[39m&amp#27;[32m200&amp#27;[39m &amp#27;[90m2480 ms - 137&amp#27;[39m
&amp#27;[35m[HTTP]&amp#27;[39m &amp#27;[90m&amp#27;[39m
&amp#27;[35m[HTTP]&amp#27;[39m &amp#27;[37m-->&amp#27;[39m &amp#27;[37mPOST&amp#27;[39m &amp#27;[37m/wd/hub/session/91f85ed0-852d-4770-8078-85fe085baedd/element/a59594d3-727a-43fd-93e9-c1fda011ad18/value&amp#27;[39m
&amp#27;[35m[HTTP]&amp#27;[39m &amp#27;[90m{"id":"a59594d3-727a-43fd-93e9-c1fda011ad18","text":"denmark","value":["d","e","n","m","a","r","k"]}&amp#27;[39m
[debug] &amp#27;[35m[W3C (91f85ed0)]&amp#27;[39m Calling AppiumDriver.setValue() with args: [["d","e","n","m","a","r","k"],"a59594d3-727a-43fd-93e9-c1fda011ad18","91f85ed0-852d-4770-8078-85fe085baedd"]
[debug] &amp#27;[35m[WD Proxy]&amp#27;[39m Matched '/element/a59594d3-727a-43fd-93e9-c1fda011ad18/value' to command name 'setValue'
[debug] &amp#27;[35m[Protocol Converter]&amp#27;[39m Added 'value' property ["d","e","n","m","a","r","k"] to 'setValue' request body
[debug] &amp#27;[35m[WD Proxy]&amp#27;[39m Proxying [POST /element/a59594d3-727a-43fd-93e9-c1fda011ad18/value] to [POST http://127.0.0.1:8200/wd/hub/session/c9b27488-8725-49a2-be8e-6be6149ba42d/element/a59594d3-727a-43fd-93e9-c1fda011ad18/value] with body: {"elementId":"a59594d3-727a-43fd-93e9-c1fda011ad18","text":"denmark","replace":false,"value":["d","e","n","m","a","r","k"]}
[debug] &amp#27;[35m[WD Proxy]&amp#27;[39m Got response with status 200: {"sessionId":"c9b27488-8725-49a2-be8e-6be6149ba42d","value":null}
[debug] &amp#27;[35m[W3C (91f85ed0)]&amp#27;[39m Responding to client with driver.setValue() result: null
&amp#27;[35m[HTTP]&amp#27;[39m &amp#27;[37m<-- POST /wd/hub/session/91f85ed0-852d-4770-8078-85fe085baedd/element/a59594d3-727a-43fd-93e9-c1fda011ad18/value &amp#27;[39m&amp#27;[32m200&amp#27;[39m &amp#27;[90m807 ms - 14&amp#27;[39m
&amp#27;[35m[HTTP]&amp#27;[39m &amp#27;[90m&amp#27;[39m
&amp#27;[35m[HTTP]&amp#27;[39m &amp#27;[37m-->&amp#27;[39m &amp#27;[37mPOST&amp#27;[39m &amp#27;[37m/wd/hub/session/91f85ed0-852d-4770-8078-85fe085baedd/element&amp#27;[39m
&amp#27;[35m[HTTP]&amp#27;[39m &amp#27;[90m{"using":"xpath","value":"/hierarchy/android.widget.FrameLayout/android.widget.FrameLayout/android.widget.FrameLayout/android.widget.RelativeLayout/androidx.recyclerview.widget.RecyclerView/android.widget.RelativeLayout"}&amp#27;[39m
[debug] &amp#27;[35m[W3C (91f85ed0)]&amp#27;[39m Calling AppiumDriver.findElement() with args: ["xpath","/hierarchy/android.widget.FrameLayout/android.widget.FrameLayout/android.widget.FrameLayout/android.widget.RelativeLayout/androidx.recyclerview.widget.RecyclerView/android.widget.RelativeLayout","91f85ed0-852d-4770-8078-85fe085baedd"]
[debug] &amp#27;[35m[BaseDriver]&amp#27;[39m Valid locator strategies for this request: xpath, id, class name, accessibility id, -android uiautomator
[debug] &amp#27;[35m[BaseDriver]&amp#27;[39m Waiting up to 20000 ms for condition
[debug] &amp#27;[35m[WD Proxy]&amp#27;[39m Matched '/element' to command name 'findElement'
[debug] &amp#27;[35m[WD Proxy]&amp#27;[39m Proxying [POST /element] to [POST http://127.0.0.1:8200/wd/hub/session/c9b27488-8725-49a2-be8e-6be6149ba42d/element] with body: {"strategy":"xpath","selector":"/hierarchy/android.widget.FrameLayout/android.widget.FrameLayout/android.widget.FrameLayout/android.widget.RelativeLayout/androidx.recyclerview.widget.RecyclerView/android.widget.RelativeLayout","context":"","multiple":false}
[debug] &amp#27;[35m[WD Proxy]&amp#27;[39m Got response with status 200: {"sessionId":"c9b27488-8725-49a2-be8e-6be6149ba42d","value":{"ELEMENT":"b55f48d4-c7a8-48c0-bc40-8b72258212a6","element-6066-11e4-a52e-4f735466cecf":"b55f48d4-c7a8-48c0-bc40-8b72258212a6"}}
[debug] &amp#27;[35m[W3C (91f85ed0)]&amp#27;[39m Responding to client with driver.findElement() result: {"element-6066-11e4-a52e-4f735466cecf":"b55f48d4-c7a8-48c0-bc40-8b72258212a6","ELEMENT":"b55f48d4-c7a8-48c0-bc40-8b72258212a6"}
&amp#27;[35m[HTTP]&amp#27;[39m &amp#27;[37m<-- POST /wd/hub/session/91f85ed0-852d-4770-8078-85fe085baedd/element &amp#27;[39m&amp#27;[32m200&amp#27;[39m &amp#27;[90m1108 ms - 137&amp#27;[39m
&amp#27;[35m[HTTP]&amp#27;[39m &amp#27;[90m&amp#27;[39m
&amp#27;[35m[HTTP]&amp#27;[39m &amp#27;[37m-->&amp#27;[39m &amp#27;[37mPOST&amp#27;[39m &amp#27;[37m/wd/hub/session/91f85ed0-852d-4770-8078-85fe085baedd/element/b55f48d4-c7a8-48c0-bc40-8b72258212a6/click&amp#27;[39m
&amp#27;[35m[HTTP]&amp#27;[39m &amp#27;[90m{"id":"b55f48d4-c7a8-48c0-bc40-8b72258212a6"}&amp#27;[39m
[debug] &amp#27;[35m[W3C (91f85ed0)]&amp#27;[39m Calling AppiumDriver.click() with args: ["b55f48d4-c7a8-48c0-bc40-8b72258212a6","91f85ed0-852d-4770-8078-85fe085baedd"]
[debug] &amp#27;[35m[WD Proxy]&amp#27;[39m Matched '/element/b55f48d4-c7a8-48c0-bc40-8b72258212a6/click' to command name 'click'
[debug] &amp#27;[35m[WD Proxy]&amp#27;[39m Proxying [POST /element/b55f48d4-c7a8-48c0-bc40-8b72258212a6/click] to [POST http://127.0.0.1:8200/wd/hub/session/c9b27488-8725-49a2-be8e-6be6149ba42d/element/b55f48d4-c7a8-48c0-bc40-8b72258212a6/click] with body: {"element":"b55f48d4-c7a8-48c0-bc40-8b72258212a6"}
[debug] &amp#27;[35m[WD Proxy]&amp#27;[39m Got response with status 200: {"sessionId":"c9b27488-8725-49a2-be8e-6be6149ba42d","value":null}
[debug] &amp#27;[35m[W3C (91f85ed0)]&amp#27;[39m Responding to client with driver.click() result: null
&amp#27;[35m[HTTP]&amp#27;[39m &amp#27;[37m<-- POST /wd/hub/session/91f85ed0-852d-4770-8078-85fe085baedd/element/b55f48d4-c7a8-48c0-bc40-8b72258212a6/click &amp#27;[39m&amp#27;[32m200&amp#27;[39m &amp#27;[90m97 ms - 14&amp#27;[39m
&amp#27;[35m[HTTP]&amp#27;[39m &amp#27;[90m&amp#27;[39m
&amp#27;[35m[HTTP]&amp#27;[39m &amp#27;[37m-->&amp#27;[39m &amp#27;[37mPOST&amp#27;[39m &amp#27;[37m/wd/hub/session/91f85ed0-852d-4770-8078-85fe085baedd/element&amp#27;[39m
&amp#27;[35m[HTTP]&amp#27;[39m &amp#27;[90m{"using":"id","value":"dk.dantaxi.app:id/edit_phone_number"}&amp#27;[39m
[debug] &amp#27;[35m[W3C (91f85ed0)]&amp#27;[39m Calling AppiumDriver.findElement() with args: ["id","dk.dantaxi.app:id/edit_phone_number","91f85ed0-852d-4770-8078-85fe085baedd"]
[debug] &amp#27;[35m[BaseDriver]&amp#27;[39m Valid locator strategies for this request: xpath, id, class name, accessibility id, -android uiautomator
[debug] &amp#27;[35m[BaseDriver]&amp#27;[39m Waiting up to 20000 ms for condition
[debug] &amp#27;[35m[WD Proxy]&amp#27;[39m Matched '/element' to command name 'findElement'
[debug] &amp#27;[35m[WD Proxy]&amp#27;[39m Proxying [POST /element] to [POST http://127.0.0.1:8200/wd/hub/session/c9b27488-8725-49a2-be8e-6be6149ba42d/element] with body: {"strategy":"id","selector":"dk.dantaxi.app:id/edit_phone_number","context":"","multiple":false}
[debug] &amp#27;[35m[WD Proxy]&amp#27;[39m Got response with status 200: {"sessionId":"c9b27488-8725-49a2-be8e-6be6149ba42d","value":{"ELEMENT":"dcb6f13c-a4d3-4626-b381-f458c519cd9a","element-6066-11e4-a52e-4f735466cecf":"dcb6f13c-a4d3-4626-b381-f458c519cd9a"}}
[debug] &amp#27;[35m[W3C (91f85ed0)]&amp#27;[39m Responding to client with driver.findElement() result: {"element-6066-11e4-a52e-4f735466cecf":"dcb6f13c-a4d3-4626-b381-f458c519cd9a","ELEMENT":"dcb6f13c-a4d3-4626-b381-f458c519cd9a"}
&amp#27;[35m[HTTP]&amp#27;[39m &amp#27;[37m<-- POST /wd/hub/session/91f85ed0-852d-4770-8078-85fe085baedd/element &amp#27;[39m&amp#27;[32m200&amp#27;[39m &amp#27;[90m879 ms - 137&amp#27;[39m
&amp#27;[35m[HTTP]&amp#27;[39m &amp#27;[90m&amp#27;[39m
&amp#27;[35m[HTTP]&amp#27;[39m &amp#27;[37m-->&amp#27;[39m &amp#27;[37mPOST&amp#27;[39m &amp#27;[37m/wd/hub/session/91f85ed0-852d-4770-8078-85fe085baedd/element/dcb6f13c-a4d3-4626-b381-f458c519cd9a/value&amp#27;[39m
&amp#27;[35m[HTTP]&amp#27;[39m &amp#27;[90m{"id":"dcb6f13c-a4d3-4626-b381-f458c519cd9a","text":"63636363","value":["6","3","6","3","6","3","6","3"]}&amp#27;[39m
[debug] &amp#27;[35m[W3C (91f85ed0)]&amp#27;[39m Calling AppiumDriver.setValue() with args: [["6","3","6","3","6","3","6","3"],"dcb6f13c-a4d3-4626-b381-f458c519cd9a","91f85ed0-852d-4770-8078-85fe085baedd"]
[debug] &amp#27;[35m[WD Proxy]&amp#27;[39m Matched '/element/dcb6f13c-a4d3-4626-b381-f458c519cd9a/value' to command name 'setValue'
[debug] &amp#27;[35m[Protocol Converter]&amp#27;[39m Added 'value' property ["6","3","6","3","6","3","6","3"] to 'setValue' request body
[debug] &amp#27;[35m[WD Proxy]&amp#27;[39m Proxying [POST /element/dcb6f13c-a4d3-4626-b381-f458c519cd9a/value] to [POST http://127.0.0.1:8200/wd/hub/session/c9b27488-8725-49a2-be8e-6be6149ba42d/element/dcb6f13c-a4d3-4626-b381-f458c519cd9a/value] with body: {"elementId":"dcb6f13c-a4d3-4626-b381-f458c519cd9a","text":"63636363","replace":false,"value":["6","3","6","3","6","3","6","3"]}
[debug] &amp#27;[35m[WD Proxy]&amp#27;[39m Got response with status 200: {"sessionId":"c9b27488-8725-49a2-be8e-6be6149ba42d","value":null}
[debug] &amp#27;[35m[W3C (91f85ed0)]&amp#27;[39m Responding to client with driver.setValue() result: null
&amp#27;[35m[HTTP]&amp#27;[39m &amp#27;[37m<-- POST /wd/hub/session/91f85ed0-852d-4770-8078-85fe085baedd/element/dcb6f13c-a4d3-4626-b381-f458c519cd9a/value &amp#27;[39m&amp#27;[32m200&amp#27;[39m &amp#27;[90m1521 ms - 14&amp#27;[39m
&amp#27;[35m[HTTP]&amp#27;[39m &amp#27;[90m&amp#27;[39m
&amp#27;[35m[HTTP]&amp#27;[39m &amp#27;[37m-->&amp#27;[39m &amp#27;[37mPOST&amp#27;[39m &amp#27;[37m/wd/hub/session/91f85ed0-852d-4770-8078-85fe085baedd/element&amp#27;[39m
&amp#27;[35m[HTTP]&amp#27;[39m &amp#27;[90m{"using":"id","value":"dk.dantaxi.app:id/btn_action"}&amp#27;[39m
[debug] &amp#27;[35m[W3C (91f85ed0)]&amp#27;[39m Calling AppiumDriver.findElement() with args: ["id","dk.dantaxi.app:id/btn_action","91f85ed0-852d-4770-8078-85fe085baedd"]
[debug] &amp#27;[35m[BaseDriver]&amp#27;[39m Valid locator strategies for this request: xpath, id, class name, accessibility id, -android uiautomator
[debug] &amp#27;[35m[BaseDriver]&amp#27;[39m Waiting up to 20000 ms for condition
[debug] &amp#27;[35m[WD Proxy]&amp#27;[39m Matched '/element' to command name 'findElement'
[debug] &amp#27;[35m[WD Proxy]&amp#27;[39m Proxying [POST /element] to [POST http://127.0.0.1:8200/wd/hub/session/c9b27488-8725-49a2-be8e-6be6149ba42d/element] with body: {"strategy":"id","selector":"dk.dantaxi.app:id/btn_action","context":"","multiple":false}
[debug] &amp#27;[35m[WD Proxy]&amp#27;[39m Got response with status 200: {"sessionId":"c9b27488-8725-49a2-be8e-6be6149ba42d","value":{"ELEMENT":"3dc1c5af-2a41-4874-bf42-2ad7560e4daf","element-6066-11e4-a52e-4f735466cecf":"3dc1c5af-2a41-4874-bf42-2ad7560e4daf"}}
[debug] &amp#27;[35m[W3C (91f85ed0)]&amp#27;[39m Responding to client with driver.findElement() result: {"element-6066-11e4-a52e-4f735466cecf":"3dc1c5af-2a41-4874-bf42-2ad7560e4daf","ELEMENT":"3dc1c5af-2a41-4874-bf42-2ad7560e4daf"}
&amp#27;[35m[HTTP]&amp#27;[39m &amp#27;[37m<-- POST /wd/hub/session/91f85ed0-852d-4770-8078-85fe085baedd/element &amp#27;[39m&amp#27;[32m200&amp#27;[39m &amp#27;[90m531 ms - 137&amp#27;[39m
&amp#27;[35m[HTTP]&amp#27;[39m &amp#27;[90m&amp#27;[39m
&amp#27;[35m[HTTP]&amp#27;[39m &amp#27;[37m-->&amp#27;[39m &amp#27;[37mPOST&amp#27;[39m &amp#27;[37m/wd/hub/session/91f85ed0-852d-4770-8078-85fe085baedd/element/3dc1c5af-2a41-4874-bf42-2ad7560e4daf/click&amp#27;[39m
&amp#27;[35m[HTTP]&amp#27;[39m &amp#27;[90m{"id":"3dc1c5af-2a41-4874-bf42-2ad7560e4daf"}&amp#27;[39m
[debug] &amp#27;[35m[W3C (91f85ed0)]&amp#27;[39m Calling AppiumDriver.click() with args: ["3dc1c5af-2a41-4874-bf42-2ad7560e4daf","91f85ed0-852d-4770-8078-85fe085baedd"]
[debug] &amp#27;[35m[WD Proxy]&amp#27;[39m Matched '/element/3dc1c5af-2a41-4874-bf42-2ad7560e4daf/click' to command name 'click'
[debug] &amp#27;[35m[WD Proxy]&amp#27;[39m Proxying [POST /element/3dc1c5af-2a41-4874-bf42-2ad7560e4daf/click] to [POST http://127.0.0.1:8200/wd/hub/session/c9b27488-8725-49a2-be8e-6be6149ba42d/element/3dc1c5af-2a41-4874-bf42-2ad7560e4daf/click] with body: {"element":"3dc1c5af-2a41-4874-bf42-2ad7560e4daf"}
[debug] &amp#27;[35m[WD Proxy]&amp#27;[39m Got response with status 200: {"sessionId":"c9b27488-8725-49a2-be8e-6be6149ba42d","value":null}
[debug] &amp#27;[35m[W3C (91f85ed0)]&amp#27;[39m Responding to client with driver.click() result: null
&amp#27;[35m[HTTP]&amp#27;[39m &amp#27;[37m<-- POST /wd/hub/session/91f85ed0-852d-4770-8078-85fe085baedd/element/3dc1c5af-2a41-4874-bf42-2ad7560e4daf/click &amp#27;[39m&amp#27;[32m200&amp#27;[39m &amp#27;[90m92 ms - 14&amp#27;[39m
&amp#27;[35m[HTTP]&amp#27;[39m &amp#27;[90m&amp#27;[39m
&amp#27;[35m[HTTP]&amp#27;[39m &amp#27;[37m-->&amp#27;[39m &amp#27;[37mPOST&amp#27;[39m &amp#27;[37m/wd/hub/session/91f85ed0-852d-4770-8078-85fe085baedd/element&amp#27;[39m
&amp#27;[35m[HTTP]&amp#27;[39m &amp#27;[90m{"using":"id","value":"dk.dantaxi.app:id/text_title"}&amp#27;[39m
[debug] &amp#27;[35m[W3C (91f85ed0)]&amp#27;[39m Calling AppiumDriver.findElement() with args: ["id","dk.dantaxi.app:id/text_title","91f85ed0-852d-4770-8078-85fe085baedd"]
[debug] &amp#27;[35m[BaseDriver]&amp#27;[39m Valid locator strategies for this request: xpath, id, class name, accessibility id, -android uiautomator
[debug] &amp#27;[35m[BaseDriver]&amp#27;[39m Waiting up to 20000 ms for condition
[debug] &amp#27;[35m[WD Proxy]&amp#27;[39m Matched '/element' to command name 'findElement'
[debug] &amp#27;[35m[WD Proxy]&amp#27;[39m Proxying [POST /element] to [POST http://127.0.0.1:8200/wd/hub/session/c9b27488-8725-49a2-be8e-6be6149ba42d/element] with body: {"strategy":"id","selector":"dk.dantaxi.app:id/text_title","context":"","multiple":false}
[debug] &amp#27;[35m[WD Proxy]&amp#27;[39m Got response with status 200: {"sessionId":"c9b27488-8725-49a2-be8e-6be6149ba42d","value":{"ELEMENT":"ae4eece6-4cc1-42bf-b208-34e7e6eb774f","element-6066-11e4-a52e-4f735466cecf":"ae4eece6-4cc1-42bf-b208-34e7e6eb774f"}}
[debug] &amp#27;[35m[W3C (91f85ed0)]&amp#27;[39m Responding to client with driver.findElement() result: {"element-6066-11e4-a52e-4f735466cecf":"ae4eece6-4cc1-42bf-b208-34e7e6eb774f","ELEMENT":"ae4eece6-4cc1-42bf-b208-34e7e6eb774f"}
&amp#27;[35m[HTTP]&amp#27;[39m &amp#27;[37m<-- POST /wd/hub/session/91f85ed0-852d-4770-8078-85fe085baedd/element &amp#27;[39m&amp#27;[32m200&amp#27;[39m &amp#27;[90m2208 ms - 137&amp#27;[39m
&amp#27;[35m[HTTP]&amp#27;[39m &amp#27;[90m&amp#27;[39m
&amp#27;[35m[HTTP]&amp#27;[39m &amp#27;[37m-->&amp#27;[39m &amp#27;[37mGET&amp#27;[39m &amp#27;[37m/wd/hub/session/91f85ed0-852d-4770-8078-85fe085baedd/element/ae4eece6-4cc1-42bf-b208-34e7e6eb774f/text&amp#27;[39m
&amp#27;[35m[HTTP]&amp#27;[39m &amp#27;[90m{}&amp#27;[39m
&amp#27;[35m[W3C (91f85ed0)]&amp#27;[39m Driver proxy active, passing request on via HTTP proxy
[debug] &amp#27;[35m[WD Proxy]&amp#27;[39m Matched '/wd/hub/session/91f85ed0-852d-4770-8078-85fe085baedd/element/ae4eece6-4cc1-42bf-b208-34e7e6eb774f/text' to command name 'getText'
[debug] &amp#27;[35m[WD Proxy]&amp#27;[39m Proxying [GET /wd/hub/session/91f85ed0-852d-4770-8078-85fe085baedd/element/ae4eece6-4cc1-42bf-b208-34e7e6eb774f/text] to [GET http://127.0.0.1:8200/wd/hub/session/c9b27488-8725-49a2-be8e-6be6149ba42d/element/ae4eece6-4cc1-42bf-b208-34e7e6eb774f/text] with no body
[debug] &amp#27;[35m[WD Proxy]&amp#27;[39m Got response with status 200: {"sessionId":"c9b27488-8725-49a2-be8e-6be6149ba42d","value":"Confirm your phone number"}
&amp#27;[35m[WD Proxy]&amp#27;[39m Replacing sessionId c9b27488-8725-49a2-be8e-6be6149ba42d with 91f85ed0-852d-4770-8078-85fe085baedd
&amp#27;[35m[HTTP]&amp#27;[39m &amp#27;[37m<-- GET /wd/hub/session/91f85ed0-852d-4770-8078-85fe085baedd/element/ae4eece6-4cc1-42bf-b208-34e7e6eb774f/text &amp#27;[39m&amp#27;[32m200&amp#27;[39m &amp#27;[90m79 ms - 88&amp#27;[39m
&amp#27;[35m[HTTP]&amp#27;[39m &amp#27;[90m&amp#27;[39m
]]></system-out>
    <system-err><![CDATA[Dec 01, 2020 7:33:29 PM io.appium.java_client.remote.AppiumCommandExecutor$1 lambda$0
INFO: Detected dialect: W3C
]]></system-err>
  </testcase>
  <testcase name="recordFailure[[TestResult name=LoginWithNormalUser status=SUCCESS method=LoginTests.LoginWithNormalUser(java.lang.String)[pri:0, instance:Tests.LoginTests@5bfa9431] output={null}]](0)" classname="Tests.LoginTests" time="17.32">
    <failure message="Unable to get test information. Make sure the test class includes a @Rule:&#10;  @Rule&#10;  public TestWatcher watcher = Factory.createWatcher();" type="java.lang.RuntimeException"><![CDATA[java.lang.RuntimeException: 
Unable to get test information. Make sure the test class includes a @Rule:
  @Rule
  public TestWatcher watcher = Factory.createWatcher();
]]></failure>
    <system-out><![CDATA[&amp#27;[35m[HTTP]&amp#27;[39m &amp#27;[37m-->&amp#27;[39m &amp#27;[37mGET&amp#27;[39m &amp#27;[37m/wd/hub/session/91f85ed0-852d-4770-8078-85fe085baedd/screenshot&amp#27;[39m
&amp#27;[35m[HTTP]&amp#27;[39m &amp#27;[90m{}&amp#27;[39m
[debug] &amp#27;[35m[W3C (91f85ed0)]&amp#27;[39m Calling AppiumDriver.getScreenshot() with args: ["91f85ed0-852d-4770-8078-85fe085baedd"]
[debug] &amp#27;[35m[WD Proxy]&amp#27;[39m Matched '/screenshot' to command name 'getScreenshot'
[debug] &amp#27;[35m[WD Proxy]&amp#27;[39m Proxying [GET /screenshot] to [GET http://127.0.0.1:8200/wd/hub/session/c9b27488-8725-49a2-be8e-6be6149ba42d/screenshot] with no body
[debug] &amp#27;[35m[WD Proxy]&amp#27;[39m Got response with status 200: {"sessionId":"c9b27488-8725-49a2-be8e-6be6149ba42d","value":"iVBORw0KGgoAAAANSUhEUgAABDgAAAhwCAYAAADIu476AAAAAXNSR0IArs4c6QAAAARzQklUCAgI\nCHwIZIgAACAASURBVHic7MEBAQAAAICQ/q/uCAoAAAAAAAAAAAAAAAAAAAAAAAAAAAAAAAAAAAAA\nAAAAAAAAAAAAAAAAAAAAAAAAAAAAAAAAAAAAAAAAAAAAAAAAAAAAAAAAAAAAAAAAAAAAAAAAAAAA\nAAAAAAAAAAAAAAAAAAAAAAAAAAAAAAAAAAAAAAAAAAAAAAAAAAAAAAAAAAAAAAAAAAAAAAAAAAAA\nAAAAAAAAAAAAAAAAAAAAAAAAAAAAAAAAAAAAAAAAAAAAAAAAAAAAAAAAAAAAAAAAAAAAAAAAAAAA\nAAAAAAAAAAAAAAAAAAAAAAAAAAAAAAAAAAAAAAAAAAAAAAAAAAAAAAAAAAAAAAAAAAAAAAAAAAAA\nAAAAAAAAAAAAAAAAAAAAAAAAAAAAAAAAAAAAAAAAAAAAAAAAAAAAAAAAAAAAAAAAAAAAAAAAAAAA\nAAAAAAAAAAAAAAAAAAAAAAAAAAAAAAAAAAAAAAAAAAAAAAAAAAAAAAAAAAAAAAAAAAAAAAAAAAAA\nAAAAAAAAAAAAAAAAAAAAAAAAAAAAAAAAAAAAAAAAAAAAAAAAAAAAAAAAAAAAAAAAAAAAAAAAAAAA\nAAAAAAAAAAAAAAAAAAAAAAAAAAAAAAAAAAAAAAAAAAAAAAAAAAAAAAAAAAAAAAAAAAAAAAAAAAAA\nAAAAAAAAAAAAAAAAAAAAAAAAAAAAAAAAAAAAAAAAAAAAAAAAAAAAAAAAAAAAAAAAAAAAAAAAAAAA\nAAAAAAAAAAAAAAAAAAAAAAAAAAAAAAAAAAAAAAAAAAAAAAAAAAAAAAAAAAAAAAAAAAAAAAAAAAAA\nAAAAAAAAAAAAAAAAAAAAAAAA...
[debug] &amp#27;[35m[W3C (91f85ed0)]&amp#27;[39m Responding to client with driver.getScreenshot() result: "iVBORw0KGgoAAAANSUhEUgAABDgAAAhwCAYAAADIu476AAAAAXNSR0IArs4c6QAAAARzQklUCAgI\nCHwIZIgAACAASURBVHic7MEBAQAAAICQ/q/uCAoAAAAAAAAAAAAAAAAAAAAAAAAAAAAAAAAAAAAA\nAAAAAAAAAAAAAAAAAAAAAAAAAAAAAAAAAAAAAAAAAAAAAAAAAAAAAAAAAAAAAAAAAAAAAAAAAAAA\nAAAAAAAAAAAAAAAAAAAAAAAAAAAAAAAAAAAAAAAAAAAAAAAAAAAAAAAAAAAAAAAAAAAAAAAAAAAA\nAAAAAAAAAAAAAAAAAAAAAAAAAAAAAAAAAAAAAAAAAAAAAAAAAAAAAAAAAAAAAAAAAAAAAAAAAAAA\nAAAAAAAAAAAAAAAAAAAAAAAAAAAAAAAAAAAAAAAAAAAAAAAAAAAAAAAAAAAAAAAAAAAAAAAAAAAA\nAAAAAAAAAAAAAAAAAAAAAAAAAAAAAAAAAAAAAAAAAAAAAAAAAAAAAAAAAAAAAAAAAAAAAAAAAAAA\nAAAAAAAAAAAAAAAAAAAAAAAAAAAAAAAAAAAAAAAAAAAAAAAAAAAAAAAAAAAAAAAAAAAAAAAAAAAA\nAAAAAAAAAAAAAAAAAAAAAAAAAAAAAAAAAAAAAAAAAAAAAAAAAAAAAAAAAAAAAAAAAAAAAAAAAAAA\nAAAAAAAAAAAAAAAAAAAAAAAAAAAAAAAAAAAAAAAAAAAAAAAAAAAAAAAAAAAAAAAAAAAAAAAAAAAA\nAAAAAAAAAAAAAAAAAAAAAAAAAAAAAAAAAAAAAAAAAAAAAAAAAAAAAAAAAAAAAAAAAAAAAAAAAAAA\nAAAAAAAAAAAAAAAAAAAAAAAAAAAAAAAAAAAAAAAAAAAAAAAAAAAAAAAAAAAAAAAAAAAAAAAAAAAA\nAAAAAAAAAAAAAAAAAAAAAAAAAAAAAAAAAAAAAAAAAAAAAAAAAAAAAAAAAAAAAAAAAAAAAAAAAAAA\nAAAAAA...
&amp#27;[35m[HTTP]&amp#27;[39m &amp#27;[37m<-- GET /wd/hub/session/91f85ed0-852d-4770-8078-85fe085baedd/screenshot &amp#27;[39m&amp#27;[32m200&amp#27;[39m &amp#27;[90m1080 ms - 12592&amp#27;[39m
&amp#27;[35m[HTTP]&amp#27;[39m &amp#27;[90m&amp#27;[39m
]]></system-out>
  </testcase>
  <testcase name="VerifyGetStartedBtnTest" classname="Tests.WelcomeScreenTests" time="1.665">
    <system-out><![CDATA[&amp#27;[35m[HTTP]&amp#27;[39m &amp#27;[37m-->&amp#27;[39m &amp#27;[37mPOST&amp#27;[39m &amp#27;[37m/wd/hub/session&amp#27;[39m
&amp#27;[35m[HTTP]&amp#27;[39m &amp#27;[90m{"desiredCapabilities":{"app":"C:\\Users\\haider.ali\\Desktop\\appiumMavenProject\\src\\dantaxi.apk","automationName":"UiAutomator2","platformName":"Android","deviceName":"emulator"},"capabilities":{"firstMatch":[{"appium:app":"C:\\Users\\haider.ali\\Desktop\\appiumMavenProject\\src\\dantaxi.apk","appium:automationName":"UiAutomator2","appium:deviceName":"emulator","platformName":"android"}]}}&amp#27;[39m
[debug] &amp#27;[35m[W3C]&amp#27;[39m Calling AppiumDriver.createSession() with args: [{"app":"C:\\Users\\haider.ali\\Desktop\\appiumMavenProject\\src\\dantaxi.apk","automationName":"UiAutomator2","platformName":"Android","deviceName":"emulator"},null,{"firstMatch":[{"appium:app":"C:\\Users\\haider.ali\\Desktop\\appiumMavenProject\\src\\dantaxi.apk","appium:automationName":"UiAutomator2","appium:deviceName":"emulator","platformName":"android"}]}]
[debug] &amp#27;[35m[BaseDriver]&amp#27;[39m Event 'newSessionRequested' logged at 1606833237649 (19:33:57 GMT+0500 (Pakistan Standard Time))
&amp#27;[35m[Appium]&amp#27;[39m Appium v1.18.3 creating new AndroidUiautomator2Driver (v1.56.1) session
[debug] &amp#27;[35m[BaseDriver]&amp#27;[39m W3C capabilities and MJSONWP desired capabilities were provided
[debug] &amp#27;[35m[BaseDriver]&amp#27;[39m Creating session with W3C capabilities: {
[debug] &amp#27;[35m[BaseDriver]&amp#27;[39m   "alwaysMatch": {
[debug] &amp#27;[35m[BaseDriver]&amp#27;[39m     "platformName": "android",
[debug] &amp#27;[35m[BaseDriver]&amp#27;[39m     "appium:app": "C:\\Users\\haider.ali\\Desktop\\appiumMavenProject\\src\\dantaxi.apk",
[debug] &amp#27;[35m[BaseDriver]&amp#27;[39m     "appium:automationName": "UiAutomator2",
[debug] &amp#27;[35m[BaseDriver]&amp#27;[39m     "appium:deviceName": "emulator"
[debug] &amp#27;[35m[BaseDriver]&amp#27;[39m   },
[debug] &amp#27;[35m[BaseDriver]&amp#27;[39m   "firstMatch": [
[debug] &amp#27;[35m[BaseDriver]&amp#27;[39m     {}
[debug] &amp#27;[35m[BaseDriver]&amp#27;[39m   ]
[debug] &amp#27;[35m[BaseDriver]&amp#27;[39m }
&amp#27;[35m[BaseDriver]&amp#27;[39m Session created with session id: 5f4ba53a-5965-4093-aa13-46bdaca85125
&amp#27;[35m[BaseDriver]&amp#27;[39m Using local app 'C:\Users\haider.ali\Desktop\appiumMavenProject\src\dantaxi.apk'
[debug] &amp#27;[35m[UiAutomator2]&amp#27;[39m Checking whether app is actually present
&amp#27;[35m[ADB]&amp#27;[39m Using 'adb.exe' from 'C:\Users\haider.ali\AppData\Local\Android\Sdk\platform-tools\adb.exe'
[debug] &amp#27;[35m[ADB]&amp#27;[39m Running 'C:\Users\haider.ali\AppData\Local\Android\Sdk\platform-tools\adb.exe -P 5037 start-server'
&amp#27;[35m[AndroidDriver]&amp#27;[39m Retrieving device list
[debug] &amp#27;[35m[ADB]&amp#27;[39m Trying to find a connected android device
[debug] &amp#27;[35m[ADB]&amp#27;[39m Getting connected devices
[debug] &amp#27;[35m[ADB]&amp#27;[39m Connected devices: [{"udid":"emulator-5554","state":"device"}]
&amp#27;[35m[AndroidDriver]&amp#27;[39m Using device: emulator-5554
&amp#27;[35m[ADB]&amp#27;[39m Using 'adb.exe' from 'C:\Users\haider.ali\AppData\Local\Android\Sdk\platform-tools\adb.exe'
[debug] &amp#27;[35m[ADB]&amp#27;[39m Running 'C:\Users\haider.ali\AppData\Local\Android\Sdk\platform-tools\adb.exe -P 5037 start-server'
[debug] &amp#27;[35m[ADB]&amp#27;[39m Setting device id to emulator-5554
[debug] &amp#27;[35m[ADB]&amp#27;[39m Running 'C:\Users\haider.ali\AppData\Local\Android\Sdk\platform-tools\adb.exe -P 5037 -s emulator-5554 shell getprop ro.build.version.sdk'
[debug] &amp#27;[35m[ADB]&amp#27;[39m Current device property 'ro.build.version.sdk': 29
&amp#27;[35m[ADB]&amp#27;[39m Getting device platform version
[debug] &amp#27;[35m[ADB]&amp#27;[39m Running 'C:\Users\haider.ali\AppData\Local\Android\Sdk\platform-tools\adb.exe -P 5037 -s emulator-5554 shell getprop ro.build.version.release'
[debug] &amp#27;[35m[ADB]&amp#27;[39m Current device property 'ro.build.version.release': 10
[debug] &amp#27;[35m[ADB]&amp#27;[39m Device API level: 29
&amp#27;[35m[UiAutomator2]&amp#27;[39m Relaxing hidden api policy
[debug] &amp#27;[35m[ADB]&amp#27;[39m Running 'C:\Users\haider.ali\AppData\Local\Android\Sdk\platform-tools\adb.exe -P 5037 -s emulator-5554 shell 'settings put global hidden_api_policy_pre_p_apps 1;settings put global hidden_api_policy_p_apps 1;settings put global hidden_api_policy 1''
[debug] &amp#27;[35m[AndroidDriver]&amp#27;[39m Parsing package and activity from app manifest
&amp#27;[35m[ADB]&amp#27;[39m Package name: 'dk.dantaxi.app'
&amp#27;[35m[ADB]&amp#27;[39m Main activity name: 'dk.dantaxi.app.ui.launch.LaunchActivity'
[debug] &amp#27;[35m[AndroidDriver]&amp#27;[39m Parsed package and activity are: dk.dantaxi.app/dk.dantaxi.app.ui.launch.LaunchActivity
[debug] &amp#27;[35m[ADB]&amp#27;[39m Running 'C:\Users\haider.ali\AppData\Local\Android\Sdk\platform-tools\adb.exe -P 5037 -s emulator-5554 wait-for-device'
[debug] &amp#27;[35m[ADB]&amp#27;[39m Running 'C:\Users\haider.ali\AppData\Local\Android\Sdk\platform-tools\adb.exe -P 5037 -s emulator-5554 shell echo ping'
[debug] &amp#27;[35m[AndroidDriver]&amp#27;[39m Pushing settings apk to device...
[debug] &amp#27;[35m[ADB]&amp#27;[39m Getting install status for io.appium.settings
[debug] &amp#27;[35m[ADB]&amp#27;[39m Running 'C:\Users\haider.ali\AppData\Local\Android\Sdk\platform-tools\adb.exe -P 5037 -s emulator-5554 shell dumpsys package io.appium.settings'
[debug] &amp#27;[35m[ADB]&amp#27;[39m 'io.appium.settings' is installed
[debug] &amp#27;[35m[ADB]&amp#27;[39m Getting package info for 'io.appium.settings'
[debug] &amp#27;[35m[ADB]&amp#27;[39m Running 'C:\Users\haider.ali\AppData\Local\Android\Sdk\platform-tools\adb.exe -P 5037 -s emulator-5554 shell dumpsys package io.appium.settings'
[debug] &amp#27;[35m[ADB]&amp#27;[39m The version name of the installed 'io.appium.settings' is greater or equal to the application version name ('3.2.0' >= '3.2.0')
[debug] &amp#27;[35m[ADB]&amp#27;[39m There is no need to install/upgrade 'C:\Users\haider.ali\AppData\Roaming\npm\node_modules\appium\node_modules\io.appium.settings\apks\settings_apk-debug.apk'
[debug] &amp#27;[35m[ADB]&amp#27;[39m Getting IDs of all 'io.appium.settings' processes
[debug] &amp#27;[35m[ADB]&amp#27;[39m Running 'C:\Users\haider.ali\AppData\Local\Android\Sdk\platform-tools\adb.exe -P 5037 -s emulator-5554 shell 'pgrep --help; echo $?''
[debug] &amp#27;[35m[ADB]&amp#27;[39m Running 'C:\Users\haider.ali\AppData\Local\Android\Sdk\platform-tools\adb.exe -P 5037 -s emulator-5554 shell pgrep -f io\\.appium\\.settings'
[debug] &amp#27;[35m[AndroidDriver]&amp#27;[39m io.appium.settings is already running. There is no need to reset its permissions.
[debug] &amp#27;[35m[Logcat]&amp#27;[39m Starting logs capture with command: C:\\Users\\haider.ali\\AppData\\Local\\Android\\Sdk\\platform-tools\\adb.exe -P 5037 -s emulator-5554 logcat -v threadtime
[debug] &amp#27;[35m[UiAutomator2]&amp#27;[39m Forwarding UiAutomator2 Server port 6790 to 8201
[debug] &amp#27;[35m[ADB]&amp#27;[39m Forwarding system: 8201 to device: 6790
[debug] &amp#27;[35m[ADB]&amp#27;[39m Running 'C:\Users\haider.ali\AppData\Local\Android\Sdk\platform-tools\adb.exe -P 5037 -s emulator-5554 forward tcp\:8201 tcp\:6790'
[debug] &amp#27;[35m[ADB]&amp#27;[39m Getting install status for io.appium.uiautomator2.server
[debug] &amp#27;[35m[ADB]&amp#27;[39m Running 'C:\Users\haider.ali\AppData\Local\Android\Sdk\platform-tools\adb.exe -P 5037 -s emulator-5554 shell dumpsys package io.appium.uiautomator2.server'
[debug] &amp#27;[35m[ADB]&amp#27;[39m 'io.appium.uiautomator2.server' is installed
[debug] &amp#27;[35m[ADB]&amp#27;[39m Getting package info for 'io.appium.uiautomator2.server'
[debug] &amp#27;[35m[ADB]&amp#27;[39m Running 'C:\Users\haider.ali\AppData\Local\Android\Sdk\platform-tools\adb.exe -P 5037 -s emulator-5554 shell dumpsys package io.appium.uiautomator2.server'
[debug] &amp#27;[35m[ADB]&amp#27;[39m The version name of the installed 'io.appium.uiautomator2.server' is greater or equal to the application version name ('4.12.2' >= '4.12.2')
[debug] &amp#27;[35m[UiAutomator2]&amp#27;[39m io.appium.uiautomator2.server installation state: sameVersionInstalled
[debug] &amp#27;[35m[ADB]&amp#27;[39m Checking app cert for C:\Users\haider.ali\AppData\Roaming\npm\node_modules\appium\node_modules\appium-uiautomator2-server\apks\appium-uiautomator2-server-v4.12.2.apk
&amp#27;[35m[ADB]&amp#27;[39m Using 'apksigner.jar' from 'C:\Users\haider.ali\AppData\Local\Android\Sdk\build-tools\29.0.2\lib\apksigner.jar'
[debug] &amp#27;[35m[ADB]&amp#27;[39m Starting apksigner: 'C:\\Program Files\\Java\\jdk-13.0.1\\bin\\java.exe' -Xmx1024M -Xss1m -jar C:\\Users\\haider.ali\\AppData\\Local\\Android\\Sdk\\build-tools\\29.0.2\\lib\\apksigner.jar verify --print-certs C:\\Users\\haider.ali\\AppData\\Roaming\\npm\\node_modules\\appium\\node_modules\\appium-uiautomator2-server\\apks\\appium-uiautomator2-server-v4.12.2.apk
[debug] &amp#27;[35m[ADB]&amp#27;[39m apksigner stdout: Signer #1 certificate DN: EMAILADDRESS=android@android.com, CN=Android, OU=Android, O=Android, L=Mountain View, ST=California, C=US
[debug] &amp#27;[35m[ADB]&amp#27;[39m Signer #1 certificate SHA-256 digest: a40da80a59d170caa950cf15c18c454d47a39b26989d8b640ecd745ba71bf5dc
[debug] &amp#27;[35m[ADB]&amp#27;[39m Signer #1 certificate SHA-1 digest: 61ed377e85d386a8dfee6b864bd85b0bfaa5af81
[debug] &amp#27;[35m[ADB]&amp#27;[39m Signer #1 certificate MD5 digest: e89b158e4bcf988ebd09eb83f5378e87
[debug] &amp#27;[35m[ADB]&amp#27;[39m 
[debug] &amp#27;[35m[ADB]&amp#27;[39m 'C:\Users\haider.ali\AppData\Roaming\npm\node_modules\appium\node_modules\appium-uiautomator2-server\apks\appium-uiautomator2-server-v4.12.2.apk' is signed with the default certificate
[debug] &amp#27;[35m[ADB]&amp#27;[39m Getting install status for io.appium.uiautomator2.server.test
[debug] &amp#27;[35m[ADB]&amp#27;[39m Running 'C:\Users\haider.ali\AppData\Local\Android\Sdk\platform-tools\adb.exe -P 5037 -s emulator-5554 shell dumpsys package io.appium.uiautomator2.server.test'
[debug] &amp#27;[35m[ADB]&amp#27;[39m 'io.appium.uiautomator2.server.test' is installed
[debug] &amp#27;[35m[ADB]&amp#27;[39m Checking app cert for C:\Users\haider.ali\AppData\Roaming\npm\node_modules\appium\node_modules\appium-uiautomator2-server\apks\appium-uiautomator2-server-debug-androidTest.apk
[debug] &amp#27;[35m[ADB]&amp#27;[39m Starting apksigner: 'C:\\Program Files\\Java\\jdk-13.0.1\\bin\\java.exe' -Xmx1024M -Xss1m -jar C:\\Users\\haider.ali\\AppData\\Local\\Android\\Sdk\\build-tools\\29.0.2\\lib\\apksigner.jar verify --print-certs C:\\Users\\haider.ali\\AppData\\Roaming\\npm\\node_modules\\appium\\node_modules\\appium-uiautomator2-server\\apks\\appium-uiautomator2-server-debug-androidTest.apk
[debug] &amp#27;[35m[ADB]&amp#27;[39m apksigner stdout: Signer #1 certificate DN: EMAILADDRESS=android@android.com, CN=Android, OU=Android, O=Android, L=Mountain View, ST=California, C=US
[debug] &amp#27;[35m[ADB]&amp#27;[39m Signer #1 certificate SHA-256 digest: a40da80a59d170caa950cf15c18c454d47a39b26989d8b640ecd745ba71bf5dc
[debug] &amp#27;[35m[ADB]&amp#27;[39m Signer #1 certificate SHA-1 digest: 61ed377e85d386a8dfee6b864bd85b0bfaa5af81
[debug] &amp#27;[35m[ADB]&amp#27;[39m Signer #1 certificate MD5 digest: e89b158e4bcf988ebd09eb83f5378e87
[debug] &amp#27;[35m[ADB]&amp#27;[39m 
[debug] &amp#27;[35m[ADB]&amp#27;[39m 'C:\Users\haider.ali\AppData\Roaming\npm\node_modules\appium\node_modules\appium-uiautomator2-server\apks\appium-uiautomator2-server-debug-androidTest.apk' is signed with the default certificate
&amp#27;[35m[UiAutomator2]&amp#27;[39m Server packages are not going to be (re)installed
[debug] &amp#27;[35m[UiAutomator2]&amp#27;[39m Waiting up to 30000ms for services to be available
[debug] &amp#27;[35m[ADB]&amp#27;[39m Running 'C:\Users\haider.ali\AppData\Local\Android\Sdk\platform-tools\adb.exe -P 5037 -s emulator-5554 shell pm list instrumentation'
[debug] &amp#27;[35m[UiAutomator2]&amp#27;[39m Instrumentation target 'io.appium.uiautomator2.server.test/androidx.test.runner.AndroidJUnitRunner' is available
[debug] &amp#27;[35m[ADB]&amp#27;[39m Checking app cert for C:\Users\haider.ali\Desktop\appiumMavenProject\src\dantaxi.apk
[debug] &amp#27;[35m[ADB]&amp#27;[39m Starting apksigner: 'C:\\Program Files\\Java\\jdk-13.0.1\\bin\\java.exe' -Xmx1024M -Xss1m -jar C:\\Users\\haider.ali\\AppData\\Local\\Android\\Sdk\\build-tools\\29.0.2\\lib\\apksigner.jar verify --print-certs C:\\Users\\haider.ali\\Desktop\\appiumMavenProject\\src\\dantaxi.apk
[debug] &amp#27;[35m[ADB]&amp#27;[39m apksigner stdout: Signer #1 certificate DN: EMAILADDRESS=android@android.com, CN=Android, OU=Android, O=Android, L=Mountain View, ST=California, C=US
[debug] &amp#27;[35m[ADB]&amp#27;[39m Signer #1 certificate SHA-256 digest: a40da80a59d170caa950cf15c18c454d47a39b26989d8b640ecd745ba71bf5dc
[debug] &amp#27;[35m[ADB]&amp#27;[39m Signer #1 certificate SHA-1 digest: 61ed377e85d386a8dfee6b864bd85b0bfaa5af81
[debug] &amp#27;[35m[ADB]&amp#27;[39m Signer #1 certificate MD5 digest: e89b158e4bcf988ebd09eb83f5378e87
[...]
&amp#27;[35m[UiAutomator2]&amp#27;[39m Using UIAutomator2 server from 'C:\Users\haider.ali\AppData\Roaming\npm\node_modules\appium\node_modules\appium-uiautomator2-server\apks\appium-uiautomator2-server-v4.12.2.apk' and test from 'C:\Users\haider.ali\AppData\Roaming\npm\node_modules\appium\node_modules\appium-uiautomator2-server\apks\appium-uiautomator2-server-debug-androidTest.apk'
&amp#27;[35m[UiAutomator2]&amp#27;[39m Waiting up to 30000ms for UiAutomator2 to be online...
[debug] &amp#27;[35m[ADB]&amp#27;[39m Creating ADB subprocess with args: ["-P",5037,"-s","emulator-5554","shell","am","instrument","-w","io.appium.uiautomator2.server.test/androidx.test.runner.AndroidJUnitRunner"]
[debug] &amp#27;[35m[Instrumentation]&amp#27;[39m Time: 46.241
[debug] &amp#27;[35m[Instrumentation]&amp#27;[39m 
[debug] &amp#27;[35m[Instrumentation]&amp#27;[39m OK (1 test)
[debug] &amp#27;[35m[Instrumentation]&amp#27;[39m The process has exited with code 0
[debug] &amp#27;[35m[WD Proxy]&amp#27;[39m Matched '/status' to command name 'getStatus'
[debug] &amp#27;[35m[WD Proxy]&amp#27;[39m Proxying [GET /status] to [GET http://127.0.0.1:8201/wd/hub/status] with no body
&amp#27;[35m[WD Proxy]&amp#27;[39m socket hang up
[debug] &amp#27;[35m[Instrumentation]&amp#27;[39m io.appium.uiautomator2.server.test.AppiumUiAutomator2Server:
[debug] &amp#27;[35m[WD Proxy]&amp#27;[39m Matched '/status' to command name 'getStatus'
[debug] &amp#27;[35m[WD Proxy]&amp#27;[39m Proxying [GET /status] to [GET http://127.0.0.1:8201/wd/hub/status] with no body
&amp#27;[35m[WD Proxy]&amp#27;[39m socket hang up
[debug] &amp#27;[35m[WD Proxy]&amp#27;[39m Matched '/status' to command name 'getStatus'
[debug] &amp#27;[35m[WD Proxy]&amp#27;[39m Proxying [GET /status] to [GET http://127.0.0.1:8201/wd/hub/status] with no body
[debug] &amp#27;[35m[WD Proxy]&amp#27;[39m Got response with status 200: {"sessionId":"None","value":{"message":"UiAutomator2 Server is ready to accept commands","ready":true}}
[debug] &amp#27;[35m[UiAutomator2]&amp#27;[39m The initialization of the instrumentation process took 3171ms
[debug] &amp#27;[35m[WD Proxy]&amp#27;[39m Matched '/session' to command name 'createSession'
[debug] &amp#27;[35m[WD Proxy]&amp#27;[39m Proxying [POST /session] to [POST http://127.0.0.1:8201/wd/hub/session] with body: {"capabilities":{"firstMatch":[{"platform":"LINUX","webStorageEnabled":false,"takesScreenshot":true,"javascriptEnabled":true,"databaseEnabled":false,"networkConnectionEnabled":true,"locationContextEnabled":false,"warnings":{},"desired":{"platformName":"android","app":"C:\\Users\\haider.ali\\Desktop\\appiumMavenProject\\src\\dantaxi.apk","automationName":"UiAutomator2","deviceName":"emulator"},"platformName":"android","app":"C:\\Users\\haider.ali\\Desktop\\appiumMavenProject\\src\\dantaxi.apk","automationName":"UiAutomator2","deviceName":"emulator-5554","deviceUDID":"emulator-5554","appPackage":"dk.dantaxi.app"}],"alwaysMatch":{}}}
[debug] &amp#27;[35m[WD Proxy]&amp#27;[39m Got response with status 200: {"sessionId":"5291ba86-6222-4c51-9ca0-b0e1e7dfbc4f","value":{"capabilities":{"firstMatch":[{"platform":"LINUX","webStorageEnabled":false,"takesScreenshot":true,"javascriptEnabled":true,"databaseEnabled":false,"networkConnectionEnabled":true,"locationContextEnabled":false,"warnings":{},"desired":{"platformName":"android","app":"C:\\Users\\haider.ali\\Desktop\\appiumMavenProject\\src\\dantaxi.apk","automationName":"UiAutomator2","deviceName":"emulator"},"platformName":"android","app":"C:\\Users\\haider.ali\\Desktop\\appiumMavenProject\\src\\dantaxi.apk","automationName":"UiAutomator2","deviceName":"emulator-5554","deviceUDID":"emulator-5554","appPackage":"dk.dantaxi.app"}],"alwaysMatch":{}},"sessionId":"5291ba86-6222-4c51-9ca0-b0e1e7dfbc4f"}}
&amp#27;[35m[WD Proxy]&amp#27;[39m Determined the downstream protocol as 'W3C'
[debug] &amp#27;[35m[WD Proxy]&amp#27;[39m Proxying [GET /appium/device/info] to [GET http://127.0.0.1:8201/wd/hub/session/5291ba86-6222-4c51-9ca0-b0e1e7dfbc4f/appium/device/info] with no body
[debug] &amp#27;[35m[WD Proxy]&amp#27;[39m Got response with status 200: {"sessionId":"5291ba86-6222-4c51-9ca0-b0e1e7dfbc4f","value":{"androidId":"17af7a4c9b322cad","apiVersion":"29","bluetooth":null,"brand":"google","carrierName":"Android","displayDensity":400,"locale":"en_US","manufacturer":"Google","model":"Android SDK built for x86","networks":[{"capabilities":{"SSID":null,"linkDownBandwidthKbps":1048576,"linkUpstreamBandwidthKbps":1048576,"networkCapabilities":"NET_CAPABILITY_NOT_METERED,NET_CAPABILITY_INTERNET,NET_CAPABILITY_NOT_RESTRICTED,NET_CAPABILITY_TRUSTED,NET_CAPABILITY_NOT_VPN,NET_CAPABILITY_VALIDATED,NET_CAPABILITY_NOT_ROAMING,NET_CAPABILITY_FOREGROUND,NET_CAPABILITY_NOT_CONGESTED,NET_CAPABILITY_NOT_SUSPENDED","signalStrength":-30,"transportTypes":"TRANSPORT_WIFI"},"detailedState":"CONNECTED","extraInfo":null,"isAvailable":true,"isConnected":true,"isFailover":false,"isRoaming":false,"state":"CONNECTED","subtype":0,"subtypeName":"","type":1,"typeName":"WIFI"},{"capabilities":{"SSID":null,"linkDownBandwidthKbps":102400,"linkUpstreamBandwidthKbps":51200,"networkCapa...
[debug] &amp#27;[35m[ADB]&amp#27;[39m Running 'C:\Users\haider.ali\AppData\Local\Android\Sdk\platform-tools\adb.exe -P 5037 -s emulator-5554 shell dumpsys window'
&amp#27;[35m[AndroidDriver]&amp#27;[39m Screen already unlocked, doing nothing
&amp#27;[35m[UiAutomator2]&amp#27;[39m Starting 'dk.dantaxi.app/dk.dantaxi.app.ui.launch.LaunchActivity and waiting for 'dk.dantaxi.app/dk.dantaxi.app.ui.launch.LaunchActivity'
[debug] &amp#27;[35m[ADB]&amp#27;[39m Running 'C:\Users\haider.ali\AppData\Local\Android\Sdk\platform-tools\adb.exe -P 5037 -s emulator-5554 shell am start -W -n dk.dantaxi.app/dk.dantaxi.app.ui.launch.LaunchActivity -S -a android.intent.action.MAIN -c android.intent.category.LAUNCHER -f 0x10200000'
[debug] &amp#27;[35m[ADB]&amp#27;[39m Waiting up to 20000ms for activity matching pkg: 'dk.dantaxi.app' and activity: 'dk.dantaxi.app.ui.launch.LaunchActivity' to be focused
[debug] &amp#27;[35m[ADB]&amp#27;[39m Possible activities, to be checked: 'dk.dantaxi.app.ui.launch.LaunchActivity', 'dk.dantaxi.app.dk.dantaxi.app.ui.launch.LaunchActivity'
[debug] &amp#27;[35m[ADB]&amp#27;[39m Getting focused package and activity
[debug] &amp#27;[35m[ADB]&amp#27;[39m Running 'C:\Users\haider.ali\AppData\Local\Android\Sdk\platform-tools\adb.exe -P 5037 -s emulator-5554 shell dumpsys window displays'
[debug] &amp#27;[35m[ADB]&amp#27;[39m Found package: 'dk.dantaxi.app' and fully qualified activity name : 'dk.dantaxi.app.ui.launch.LaunchActivity'
[debug] &amp#27;[35m[WD Proxy]&amp#27;[39m Proxying [GET /appium/device/pixel_ratio] to [GET http://127.0.0.1:8201/wd/hub/session/5291ba86-6222-4c51-9ca0-b0e1e7dfbc4f/appium/device/pixel_ratio] with no body
[debug] &amp#27;[35m[WD Proxy]&amp#27;[39m Got response with status 200: {"sessionId":"5291ba86-6222-4c51-9ca0-b0e1e7dfbc4f","value":2.5}
[debug] &amp#27;[35m[WD Proxy]&amp#27;[39m Matched '/appium/device/system_bars' to command name 'getSystemBars'
[debug] &amp#27;[35m[WD Proxy]&amp#27;[39m Proxying [GET /appium/device/system_bars] to [GET http://127.0.0.1:8201/wd/hub/session/5291ba86-6222-4c51-9ca0-b0e1e7dfbc4f/appium/device/system_bars] with no body
[debug] &amp#27;[35m[WD Proxy]&amp#27;[39m Got response with status 200: {"sessionId":"5291ba86-6222-4c51-9ca0-b0e1e7dfbc4f","value":{"statusBar":60}}
[debug] &amp#27;[35m[WD Proxy]&amp#27;[39m Matched '/window/current/size' to command name 'getWindowSize'
[debug] &amp#27;[35m[WD Proxy]&amp#27;[39m Proxying [GET /window/current/size] to [GET http://127.0.0.1:8201/wd/hub/session/5291ba86-6222-4c51-9ca0-b0e1e7dfbc4f/window/current/size] with no body
[debug] &amp#27;[35m[WD Proxy]&amp#27;[39m Got response with status 200: {"sessionId":"5291ba86-6222-4c51-9ca0-b0e1e7dfbc4f","value":{"height":2040,"width":1080}}
&amp#27;[35m[Appium]&amp#27;[39m New AndroidUiautomator2Driver session created successfully, session 5f4ba53a-5965-4093-aa13-46bdaca85125 added to master session list
[debug] &amp#27;[35m[BaseDriver]&amp#27;[39m Event 'newSessionStarted' logged at 1606833255724 (19:34:15 GMT+0500 (Pakistan Standard Time))
[debug] &amp#27;[35m[W3C (5f4ba53a)]&amp#27;[39m Cached the protocol value 'W3C' for the new session 5f4ba53a-5965-4093-aa13-46bdaca85125
[debug] &amp#27;[35m[W3C (5f4ba53a)]&amp#27;[39m Responding to client with driver.createSession() result: {"capabilities":{"platform":"LINUX","webStorageEnabled":false,"takesScreenshot":true,"javascriptEnabled":true,"databaseEnabled":false,"networkConnectionEnabled":true,"locationContextEnabled":false,"warnings":{},"desired":{"platformName":"android","app":"C:\\Users\\haider.ali\\Desktop\\appiumMavenProject\\src\\dantaxi.apk","automationName":"UiAutomator2","deviceName":"emulator"},"platformName":"android","app":"C:\\Users\\haider.ali\\Desktop\\appiumMavenProject\\src\\dantaxi.apk","automationName":"UiAutomator2","deviceName":"emulator-5554","deviceUDID":"emulator-5554","appPackage":"dk.dantaxi.app","deviceApiLevel":29,"platformVersion":"10","deviceScreenSize":"1080x2160","deviceScreenDensity":400,"deviceModel":"Android SDK built for x86","deviceManufacturer":"Google","pixelRatio":2.5,"statBarHeight":60,"viewportRect":{"left":0,"top":60,"width":1080,"height":1980}}}
&amp#27;[35m[HTTP]&amp#27;[39m &amp#27;[37m<-- POST /wd/hub/session &amp#27;[39m&amp#27;[32m200&amp#27;[39m &amp#27;[90m18079 ms - 935&amp#27;[39m
&amp#27;[35m[HTTP]&amp#27;[39m &amp#27;[90m&amp#27;[39m
&amp#27;[35m[HTTP]&amp#27;[39m &amp#27;[37m-->&amp#27;[39m &amp#27;[37mPOST&amp#27;[39m &amp#27;[37m/wd/hub/session/5f4ba53a-5965-4093-aa13-46bdaca85125/timeouts&amp#27;[39m
&amp#27;[35m[HTTP]&amp#27;[39m &amp#27;[90m{"implicit":20000}&amp#27;[39m
[debug] &amp#27;[35m[W3C (5f4ba53a)]&amp#27;[39m Calling AppiumDriver.timeouts() with args: [null,null,null,null,20000,"5f4ba53a-5965-4093-aa13-46bdaca85125"]
[debug] &amp#27;[35m[BaseDriver]&amp#27;[39m W3C timeout argument: {"implicit":20000}}
[debug] &amp#27;[35m[BaseDriver]&amp#27;[39m Set implicit wait to 20000ms
[debug] &amp#27;[35m[W3C (5f4ba53a)]&amp#27;[39m Responding to client with driver.timeouts() result: null
&amp#27;[35m[HTTP]&amp#27;[39m &amp#27;[37m<-- POST /wd/hub/session/5f4ba53a-5965-4093-aa13-46bdaca85125/timeouts &amp#27;[39m&amp#27;[32m200&amp#27;[39m &amp#27;[90m5 ms - 14&amp#27;[39m
&amp#27;[35m[HTTP]&amp#27;[39m &amp#27;[90m&amp#27;[39m
&amp#27;[35m[HTTP]&amp#27;[39m &amp#27;[37m-->&amp#27;[39m &amp#27;[37mPOST&amp#27;[39m &amp#27;[37m/wd/hub/session/5f4ba53a-5965-4093-aa13-46bdaca85125/element&amp#27;[39m
&amp#27;[35m[HTTP]&amp#27;[39m &amp#27;[90m{"using":"id","value":"dk.dantaxi.app:id/btn_create_profile"}&amp#27;[39m
[debug] &amp#27;[35m[W3C (5f4ba53a)]&amp#27;[39m Calling AppiumDriver.findElement() with args: ["id","dk.dantaxi.app:id/btn_create_profile","5f4ba53a-5965-4093-aa13-46bdaca85125"]
[debug] &amp#27;[35m[BaseDriver]&amp#27;[39m Valid locator strategies for this request: xpath, id, class name, accessibility id, -android uiautomator
[debug] &amp#27;[35m[BaseDriver]&amp#27;[39m Waiting up to 20000 ms for condition
[debug] &amp#27;[35m[WD Proxy]&amp#27;[39m Matched '/element' to command name 'findElement'
[debug] &amp#27;[35m[WD Proxy]&amp#27;[39m Proxying [POST /element] to [POST http://127.0.0.1:8201/wd/hub/session/5291ba86-6222-4c51-9ca0-b0e1e7dfbc4f/element] with body: {"strategy":"id","selector":"dk.dantaxi.app:id/btn_create_profile","context":"","multiple":false}
&amp#27;[35m[WD Proxy]&amp#27;[39m Got response with status 404: {"sessionId":"5291ba86-6222-4c51-9ca0-b0e1e7dfbc4f","value":{"error":"no such element","message":"An element could not be located on the page using the given search parameters","stacktrace":"io.appium.uiautomator2.common.exceptions.ElementNotFoundException: An element could not be located on the page using the given search parameters\n\tat io.appium.uiautomator2.handler.FindElement.safeHandle(FindElement.java:73)\n\tat io.appium.uiautomator2.handler.request.SafeRequestHandler.handle(SafeRequestHandler.java:41)\n\tat io.appium.uiautomator2.server.AppiumServlet.handleRequest(AppiumServlet.java:253)\n\tat io.appium.uiautomator2.server.AppiumServlet.handleHttpRequest(AppiumServlet.java:247)\n\tat io.appium.uiautomator2.http.ServerHandler.channelRead(ServerHandler.java:68)\n\tat io.netty.channel.AbstractChannelHandlerContext.invokeChannelRead(AbstractChannelHandlerContext.java:366)\n\tat io.netty.channel.AbstractChannelHandlerContext.invokeChannelRead(AbstractChannelHandlerContext.java:352)\n\tat io.netty.chann...
[debug] &amp#27;[35m[W3C]&amp#27;[39m Matched W3C error code 'no such element' to NoSuchElementError
[debug] &amp#27;[35m[BaseDriver]&amp#27;[39m Waited for 594 ms so far
[debug] &amp#27;[35m[WD Proxy]&amp#27;[39m Matched '/element' to command name 'findElement'
[debug] &amp#27;[35m[WD Proxy]&amp#27;[39m Proxying [POST /element] to [POST http://127.0.0.1:8201/wd/hub/session/5291ba86-6222-4c51-9ca0-b0e1e7dfbc4f/element] with body: {"strategy":"id","selector":"dk.dantaxi.app:id/btn_create_profile","context":"","multiple":false}
[debug] &amp#27;[35m[WD Proxy]&amp#27;[39m Got response with status 200: {"sessionId":"5291ba86-6222-4c51-9ca0-b0e1e7dfbc4f","value":{"ELEMENT":"4f9a98fa-f02e-4c06-8cc8-4879894bc23d","element-6066-11e4-a52e-4f735466cecf":"4f9a98fa-f02e-4c06-8cc8-4879894bc23d"}}
[debug] &amp#27;[35m[W3C (5f4ba53a)]&amp#27;[39m Responding to client with driver.findElement() result: {"element-6066-11e4-a52e-4f735466cecf":"4f9a98fa-f02e-4c06-8cc8-4879894bc23d","ELEMENT":"4f9a98fa-f02e-4c06-8cc8-4879894bc23d"}
&amp#27;[35m[HTTP]&amp#27;[39m &amp#27;[37m<-- POST /wd/hub/session/5f4ba53a-5965-4093-aa13-46bdaca85125/element &amp#27;[39m&amp#27;[32m200&amp#27;[39m &amp#27;[90m1791 ms - 137&amp#27;[39m
&amp#27;[35m[HTTP]&amp#27;[39m &amp#27;[90m&amp#27;[39m
&amp#27;[35m[HTTP]&amp#27;[39m &amp#27;[37m-->&amp#27;[39m &amp#27;[37mPOST&amp#27;[39m &amp#27;[37m/wd/hub/session/5f4ba53a-5965-4093-aa13-46bdaca85125/element/4f9a98fa-f02e-4c06-8cc8-4879894bc23d/click&amp#27;[39m
&amp#27;[35m[HTTP]&amp#27;[39m &amp#27;[90m{"id":"4f9a98fa-f02e-4c06-8cc8-4879894bc23d"}&amp#27;[39m
[debug] &amp#27;[35m[W3C (5f4ba53a)]&amp#27;[39m Calling AppiumDriver.click() with args: ["4f9a98fa-f02e-4c06-8cc8-4879894bc23d","5f4ba53a-5965-4093-aa13-46bdaca85125"]
[debug] &amp#27;[35m[WD Proxy]&amp#27;[39m Matched '/element/4f9a98fa-f02e-4c06-8cc8-4879894bc23d/click' to command name 'click'
[debug] &amp#27;[35m[WD Proxy]&amp#27;[39m Proxying [POST /element/4f9a98fa-f02e-4c06-8cc8-4879894bc23d/click] to [POST http://127.0.0.1:8201/wd/hub/session/5291ba86-6222-4c51-9ca0-b0e1e7dfbc4f/element/4f9a98fa-f02e-4c06-8cc8-4879894bc23d/click] with body: {"element":"4f9a98fa-f02e-4c06-8cc8-4879894bc23d"}
[debug] &amp#27;[35m[WD Proxy]&amp#27;[39m Got response with status 200: {"sessionId":"5291ba86-6222-4c51-9ca0-b0e1e7dfbc4f","value":null}
[debug] &amp#27;[35m[W3C (5f4ba53a)]&amp#27;[39m Responding to client with driver.click() result: null
&amp#27;[35m[HTTP]&amp#27;[39m &amp#27;[37m<-- POST /wd/hub/session/5f4ba53a-5965-4093-aa13-46bdaca85125/element/4f9a98fa-f02e-4c06-8cc8-4879894bc23d/click &amp#27;[39m&amp#27;[32m200&amp#27;[39m &amp#27;[90m113 ms - 14&amp#27;[39m
&amp#27;[35m[HTTP]&amp#27;[39m &amp#27;[90m&amp#27;[39m
]]></system-out>
    <system-err><![CDATA[Dec 01, 2020 7:34:15 PM io.appium.java_client.remote.AppiumCommandExecutor$1 lambda$0
INFO: Detected dialect: W3C
]]></system-err>
  </testcase>
  <testcase name="recordFailure[[TestResult name=VerifyGetStartedBtnTest status=SUCCESS method=WelcomeScreenTests.VerifyGetStartedBtnTest()[pri:0, instance:Tests.WelcomeScreenTests@5db250b4] output={null}]](0)" classname="Tests.WelcomeScreenTests" time="7.172">
    <failure message="Unable to get test information. Make sure the test class includes a @Rule:&#10;  @Rule&#10;  public TestWatcher watcher = Factory.createWatcher();" type="java.lang.RuntimeException"><![CDATA[java.lang.RuntimeException: 
Unable to get test information. Make sure the test class includes a @Rule:
  @Rule
  public TestWatcher watcher = Factory.createWatcher();
]]></failure>
    <system-out><![CDATA[&amp#27;[35m[HTTP]&amp#27;[39m &amp#27;[37m-->&amp#27;[39m &amp#27;[37mGET&amp#27;[39m &amp#27;[37m/wd/hub/session/5f4ba53a-5965-4093-aa13-46bdaca85125/screenshot&amp#27;[39m
&amp#27;[35m[HTTP]&amp#27;[39m &amp#27;[90m{}&amp#27;[39m
[debug] &amp#27;[35m[W3C (5f4ba53a)]&amp#27;[39m Calling AppiumDriver.getScreenshot() with args: ["5f4ba53a-5965-4093-aa13-46bdaca85125"]
[debug] &amp#27;[35m[WD Proxy]&amp#27;[39m Matched '/screenshot' to command name 'getScreenshot'
[debug] &amp#27;[35m[WD Proxy]&amp#27;[39m Proxying [GET /screenshot] to [GET http://127.0.0.1:8201/wd/hub/session/5291ba86-6222-4c51-9ca0-b0e1e7dfbc4f/screenshot] with no body
[debug] &amp#27;[35m[WD Proxy]&amp#27;[39m Got response with status 200: {"sessionId":"5291ba86-6222-4c51-9ca0-b0e1e7dfbc4f","value":"iVBORw0KGgoAAAANSUhEUgAABDgAAAhwCAYAAADIu476AAAAAXNSR0IArs4c6QAAAARzQklUCAgI\nCHwIZIgAACAASURBVHicvLxXjyxJluf3O6ZchUh5Rd1SXT0tdnp6lgRXYB8JkHzgd+Ujv8ACiwVB\nUOz0TOvqLnF1qlCuTPLB81bN9vTMcECAjkwkItLN3N3C7JzzFxbyk7/4rLSVoTYa4xzd2RUXLz7D\nnV/y+uW3/GidqUvg/uGB1zd3HE8DKmVK8uRSGH2iDxGfM6lkoGC0QSuFCIgIgqJkMCI01lAZQQSc\nKTilIRdiTMScyQjGOhqnySSiRHLO5AQhwFSEWUGJI1o0giIlCCFScqIyiquzNc82HVoU/TTTzx4U\nXJyv+eTZEyRm9qeeh+OJYfT4OeNDpEhBXOY0Zi5bxV99fMFnV2tCirza9bx+mLk5jtwOmWHOWBS1\nEaxOiAarLEYpdKVBCsRCh+HpqmW7rghaeHc4cTqNlCKIXs6LudAPnnkKtLWwaSyVM4iALkIrBmcV\nt2Hm3kcSUDmDMoo+wmH02FLogMoKda1oK4vGcjoF5iREhCEO+BwBhRKFFlhbx8WmI+XIME/MIVJy\nwSjFumr46eefc7XqODkY4ol5OrI/HHnzbseb2x6fwDiLkNEiGG0wzmKcxpbEVddwvdri58htP3I/\nzIxzQKeEypk+aP67H3/Ev//5z1hfXPBmOPKrV6959fVraqOIOjCGwn7w7Maerq35tz/5CV88fcrX\nt+/46utX3N8ceDgNHKaZkDNIZu1qzrYbsgNXK9adwRhhHAPHo2d3GEipQIFSFCkqYkooyTStZrWu\nyJIpRSipkEJESuLpec2Pn13wvGm5nT07P3OcEvtTwQ+RFGbaVnH9vOY4em7vA34SJGd67zn1glKF\n508dn36ypls5fEkkDX0I9H1g...
[debug] &amp#27;[35m[W3C (5f4ba53a)]&amp#27;[39m Responding to client with driver.getScreenshot() result: "iVBORw0KGgoAAAANSUhEUgAABDgAAAhwCAYAAADIu476AAAAAXNSR0IArs4c6QAAAARzQklUCAgI\nCHwIZIgAACAASURBVHicvLxXjyxJluf3O6ZchUh5Rd1SXT0tdnp6lgRXYB8JkHzgd+Ujv8ACiwVB\nUOz0TOvqLnF1qlCuTPLB81bN9vTMcECAjkwkItLN3N3C7JzzFxbyk7/4rLSVoTYa4xzd2RUXLz7D\nnV/y+uW3/GidqUvg/uGB1zd3HE8DKmVK8uRSGH2iDxGfM6lkoGC0QSuFCIgIgqJkMCI01lAZQQSc\nKTilIRdiTMScyQjGOhqnySSiRHLO5AQhwFSEWUGJI1o0giIlCCFScqIyiquzNc82HVoU/TTTzx4U\nXJyv+eTZEyRm9qeeh+OJYfT4OeNDpEhBXOY0Zi5bxV99fMFnV2tCirza9bx+mLk5jtwOmWHOWBS1\nEaxOiAarLEYpdKVBCsRCh+HpqmW7rghaeHc4cTqNlCKIXs6LudAPnnkKtLWwaSyVM4iALkIrBmcV\nt2Hm3kcSUDmDMoo+wmH02FLogMoKda1oK4vGcjoF5iREhCEO+BwBhRKFFlhbx8WmI+XIME/MIVJy\nwSjFumr46eefc7XqODkY4ol5OrI/HHnzbseb2x6fwDiLkNEiGG0wzmKcxpbEVddwvdri58htP3I/\nzIxzQKeEypk+aP67H3/Ev//5z1hfXPBmOPKrV6959fVraqOIOjCGwn7w7Maerq35tz/5CV88fcrX\nt+/46utX3N8ceDgNHKaZkDNIZu1qzrYbsgNXK9adwRhhHAPHo2d3GEipQIFSFCkqYkooyTStZrWu\nyJIpRSipkEJESuLpec2Pn13wvGm5nT07P3OcEvtTwQ+RFGbaVnH9vOY4em7vA34SJGd67zn1glKF\n508dn36ypls5fEkkDX0I9H1gOgYu2451vcXPmYfjPVpnrtYrfM7cHjxhCFy5jhfnG5q1YjI9D6Pn\nV9/suL...
&amp#27;[35m[HTTP]&amp#27;[39m &amp#27;[37m<-- GET /wd/hub/session/5f4ba53a-5965-4093-aa13-46bdaca85125/screenshot &amp#27;[39m&amp#27;[32m200&amp#27;[39m &amp#27;[90m3746 ms - 2145058&amp#27;[39m
&amp#27;[35m[HTTP]&amp#27;[39m &amp#27;[90m&amp#27;[39m
]]></system-out>
  </testcase>
  <testcase name="setUp" classname="Tests.WelcomeScreenTests" time="0">
    <skipped/>
  </testcase>
  <testcase name="VerifyLoginAsAnonymousUserBtnTest" classname="Tests.WelcomeScreenTests" time="0">
    <skipped message="Unable to get test information. Make sure the test class includes a @Rule:&#10;  @Rule&#10;  public TestWatcher watcher = Factory.createWatcher();"/>
  </testcase>
  <testcase name="recordFailure" classname="Tests.WelcomeScreenTests" time="0">
    <skipped/>
  </testcase>
</testsuite>